{"/home/travis/build/npmtest/node-npmtest-table/test.js":{"path":"/home/travis/build/npmtest/node-npmtest-table/test.js","s":{"1":2,"2":2,"3":2,"4":2,"5":2,"6":2,"7":2,"8":1,"9":2,"10":2,"11":1,"12":1,"13":1,"14":1,"15":2,"16":2,"17":2,"18":2,"19":1,"20":1,"21":2,"22":2,"23":2,"24":1,"25":1,"26":1,"27":1,"28":1,"29":1,"30":1,"31":1,"32":1,"33":1,"34":1,"35":1,"36":1,"37":1,"38":1,"39":2,"40":2,"41":1,"42":2,"43":2,"44":1,"45":2,"46":2,"47":1,"48":2,"49":2,"50":1,"51":1,"52":1,"53":1,"54":1},"b":{"1":[2,1,1,1],"2":[1,1,1,1],"3":[1,1],"4":[1,1],"5":[1,1],"6":[1,1],"7":[1,1],"8":[1,1],"9":[1,1],"10":[1,1,1],"11":[1,1],"12":[1,1],"13":[1,1],"14":[1,1],"15":[1,1],"16":[1,1],"17":[1,1]},"f":{"1":2,"2":2,"3":2,"4":2,"5":2,"6":1,"7":1,"8":1,"9":2,"10":2,"11":2,"12":2,"13":1},"fnMap":{"1":{"name":"(anonymous_1)","line":12,"loc":{"start":{"line":12,"column":1},"end":{"line":12,"column":13}}},"2":{"name":"(anonymous_2)","line":19,"loc":{"start":{"line":19,"column":5},"end":{"line":19,"column":17}}},"3":{"name":"(anonymous_3)","line":23,"loc":{"start":{"line":23,"column":24},"end":{"line":23,"column":36}}},"4":{"name":"(anonymous_4)","line":61,"loc":{"start":{"line":61,"column":5},"end":{"line":61,"column":17}}},"5":{"name":"(anonymous_5)","line":82,"loc":{"start":{"line":82,"column":5},"end":{"line":82,"column":17}}},"6":{"name":"(anonymous_6)","line":91,"loc":{"start":{"line":91,"column":77},"end":{"line":94,"column":10}}},"7":{"name":"(anonymous_7)","line":112,"loc":{"start":{"line":112,"column":83},"end":{"line":115,"column":10}},"skip":true},"8":{"name":"(anonymous_8)","line":123,"loc":{"start":{"line":123,"column":77},"end":{"line":126,"column":10}},"skip":true},"9":{"name":"(anonymous_9)","line":139,"loc":{"start":{"line":139,"column":12},"end":{"line":139,"column":40}},"skip":true},"10":{"name":"(anonymous_10)","line":147,"loc":{"start":{"line":147,"column":77},"end":{"line":150,"column":10}},"skip":true},"11":{"name":"(anonymous_11)","line":158,"loc":{"start":{"line":158,"column":83},"end":{"line":161,"column":10}},"skip":true},"12":{"name":"(anonymous_12)","line":169,"loc":{"start":{"line":169,"column":79},"end":{"line":172,"column":10}},"skip":true},"13":{"name":"(anonymous_13)","line":180,"loc":{"start":{"line":180,"column":75},"end":{"line":183,"column":10}},"skip":true}},"statementMap":{"1":{"start":{"line":12,"column":0},"end":{"line":195,"column":5}},"2":{"start":{"line":14,"column":4},"end":{"line":14,"column":14}},"3":{"start":{"line":19,"column":4},"end":{"line":56,"column":9}},"4":{"start":{"line":21,"column":8},"end":{"line":21,"column":19}},"5":{"start":{"line":23,"column":8},"end":{"line":35,"column":13}},"6":{"start":{"line":24,"column":12},"end":{"line":34,"column":13}},"7":{"start":{"line":25,"column":16},"end":{"line":28,"column":30}},"8":{"start":{"line":30,"column":16},"end":{"line":33,"column":27}},"9":{"start":{"line":37,"column":8},"end":{"line":39,"column":21}},"10":{"start":{"line":40,"column":8},"end":{"line":53,"column":9}},"11":{"start":{"line":43,"column":12},"end":{"line":46,"column":14}},"12":{"start":{"line":47,"column":12},"end":{"line":47,"column":18}},"13":{"start":{"line":50,"column":12},"end":{"line":51,"column":33}},"14":{"start":{"line":52,"column":12},"end":{"line":52,"column":18}},"15":{"start":{"line":55,"column":8},"end":{"line":55,"column":35}},"16":{"start":{"line":61,"column":4},"end":{"line":63,"column":9}},"17":{"start":{"line":62,"column":8},"end":{"line":62,"column":15}},"18":{"start":{"line":64,"column":4},"end":{"line":77,"column":5}},"19":{"start":{"line":70,"column":8},"end":{"line":70,"column":14}},"20":{"start":{"line":76,"column":8},"end":{"line":76,"column":14}},"21":{"start":{"line":82,"column":4},"end":{"line":84,"column":9}},"22":{"start":{"line":83,"column":8},"end":{"line":83,"column":15}},"23":{"start":{"line":85,"column":4},"end":{"line":194,"column":5}},"24":{"start":{"line":91,"column":8},"end":{"line":99,"column":10}},"25":{"start":{"line":98,"column":12},"end":{"line":98,"column":35}},"26":{"start":{"line":102,"column":8},"end":{"line":104,"column":63}},"27":{"start":{"line":105,"column":8},"end":{"line":105,"column":14}},"28":{"start":{"line":112,"column":8},"end":{"line":121,"column":10},"skip":true},"29":{"start":{"line":119,"column":12},"end":{"line":119,"column":55},"skip":true},"30":{"start":{"line":120,"column":12},"end":{"line":120,"column":48},"skip":true},"31":{"start":{"line":123,"column":8},"end":{"line":136,"column":10},"skip":true},"32":{"start":{"line":130,"column":12},"end":{"line":130,"column":76},"skip":true},"33":{"start":{"line":131,"column":12},"end":{"line":131,"column":73},"skip":true},"34":{"start":{"line":132,"column":12},"end":{"line":132,"column":74},"skip":true},"35":{"start":{"line":133,"column":12},"end":{"line":133,"column":79},"skip":true},"36":{"start":{"line":134,"column":12},"end":{"line":134,"column":25},"skip":true},"37":{"start":{"line":135,"column":12},"end":{"line":135,"column":45},"skip":true},"38":{"start":{"line":138,"column":8},"end":{"line":145,"column":14},"skip":true},"39":{"start":{"line":143,"column":16},"end":{"line":143,"column":29},"skip":true},"40":{"start":{"line":144,"column":16},"end":{"line":144,"column":55},"skip":true},"41":{"start":{"line":147,"column":8},"end":{"line":156,"column":10},"skip":true},"42":{"start":{"line":154,"column":12},"end":{"line":154,"column":25},"skip":true},"43":{"start":{"line":155,"column":12},"end":{"line":155,"column":45},"skip":true},"44":{"start":{"line":158,"column":8},"end":{"line":167,"column":10},"skip":true},"45":{"start":{"line":165,"column":12},"end":{"line":165,"column":25},"skip":true},"46":{"start":{"line":166,"column":12},"end":{"line":166,"column":48},"skip":true},"47":{"start":{"line":169,"column":8},"end":{"line":178,"column":10},"skip":true},"48":{"start":{"line":176,"column":12},"end":{"line":176,"column":25},"skip":true},"49":{"start":{"line":177,"column":12},"end":{"line":177,"column":46},"skip":true},"50":{"start":{"line":180,"column":8},"end":{"line":189,"column":10},"skip":true},"51":{"start":{"line":187,"column":12},"end":{"line":187,"column":94},"skip":true},"52":{"start":{"line":188,"column":12},"end":{"line":188,"column":48},"skip":true},"53":{"start":{"line":192,"column":8},"end":{"line":192,"column":35},"skip":true},"54":{"start":{"line":193,"column":8},"end":{"line":193,"column":14},"skip":true}},"branchMap":{"1":{"line":25,"type":"binary-expr","locations":[{"start":{"line":25,"column":23},"end":{"line":25,"column":62}},{"start":{"line":26,"column":20},"end":{"line":26,"column":70}},{"start":{"line":27,"column":20},"end":{"line":27,"column":71}},{"start":{"line":28,"column":20},"end":{"line":28,"column":29}}]},"2":{"line":30,"type":"binary-expr","locations":[{"start":{"line":30,"column":23},"end":{"line":30,"column":37}},{"start":{"line":31,"column":20},"end":{"line":31,"column":61}},{"start":{"line":32,"column":20},"end":{"line":32,"column":70}},{"start":{"line":33,"column":20},"end":{"line":33,"column":26}}]},"3":{"line":37,"type":"cond-expr","locations":[{"start":{"line":38,"column":14},"end":{"line":38,"column":20}},{"start":{"line":39,"column":14},"end":{"line":39,"column":20}}]},"4":{"line":40,"type":"switch","locations":[{"start":{"line":42,"column":8},"end":{"line":47,"column":18}},{"start":{"line":49,"column":8},"end":{"line":52,"column":18}}]},"5":{"line":44,"type":"binary-expr","locations":[{"start":{"line":44,"column":16},"end":{"line":44,"column":44}},{"start":{"line":44,"column":48},"end":{"line":44,"column":66}}]},"6":{"line":50,"type":"binary-expr","locations":[{"start":{"line":50,"column":21},"end":{"line":50,"column":49}},{"start":{"line":50,"column":53},"end":{"line":50,"column":72}}]},"7":{"line":64,"type":"switch","locations":[{"start":{"line":69,"column":4},"end":{"line":70,"column":14}},{"start":{"line":75,"column":4},"end":{"line":76,"column":14}}]},"8":{"line":85,"type":"switch","locations":[{"start":{"line":90,"column":4},"end":{"line":105,"column":14}},{"start":{"line":111,"column":4},"end":{"line":193,"column":14},"skip":true}]},"9":{"line":91,"type":"binary-expr","locations":[{"start":{"line":91,"column":42},"end":{"line":91,"column":73}},{"start":{"line":91,"column":77},"end":{"line":99,"column":9}}]},"10":{"line":102,"type":"binary-expr","locations":[{"start":{"line":102,"column":18},"end":{"line":102,"column":32}},{"start":{"line":103,"column":12},"end":{"line":103,"column":53}},{"start":{"line":104,"column":12},"end":{"line":104,"column":61}}]},"11":{"line":112,"type":"binary-expr","locations":[{"start":{"line":112,"column":45},"end":{"line":112,"column":79},"skip":true},{"start":{"line":112,"column":83},"end":{"line":121,"column":9},"skip":true}]},"12":{"line":123,"type":"binary-expr","locations":[{"start":{"line":123,"column":42},"end":{"line":123,"column":73},"skip":true},{"start":{"line":123,"column":77},"end":{"line":136,"column":9},"skip":true}]},"13":{"line":138,"type":"binary-expr","locations":[{"start":{"line":138,"column":48},"end":{"line":138,"column":85},"skip":true},{"start":{"line":139,"column":12},"end":{"line":145,"column":13},"skip":true}]},"14":{"line":147,"type":"binary-expr","locations":[{"start":{"line":147,"column":42},"end":{"line":147,"column":73},"skip":true},{"start":{"line":147,"column":77},"end":{"line":156,"column":9},"skip":true}]},"15":{"line":158,"type":"binary-expr","locations":[{"start":{"line":158,"column":45},"end":{"line":158,"column":79},"skip":true},{"start":{"line":158,"column":83},"end":{"line":167,"column":9},"skip":true}]},"16":{"line":169,"type":"binary-expr","locations":[{"start":{"line":169,"column":43},"end":{"line":169,"column":75},"skip":true},{"start":{"line":169,"column":79},"end":{"line":178,"column":9},"skip":true}]},"17":{"line":180,"type":"binary-expr","locations":[{"start":{"line":180,"column":41},"end":{"line":180,"column":71},"skip":true},{"start":{"line":180,"column":75},"end":{"line":189,"column":9},"skip":true}]}},"code":["/* istanbul instrument in package npmtest_table */","/*jslint","    bitwise: true,","    browser: true,","    maxerr: 8,","    maxlen: 96,","    node: true,","    nomen: true,","    regexp: true,","    stupid: true","*/","(function () {","    'use strict';","    var local;","","","","    // run shared js-env code - pre-init","    (function () {","        // init local","        local = {};","        // init modeJs","        local.modeJs = (function () {","            try {","                return typeof navigator.userAgent === 'string' &&","                    typeof document.querySelector('body') === 'object' &&","                    typeof XMLHttpRequest.prototype.open === 'function' &&","                    'browser';","            } catch (errorCaughtBrowser) {","                return module.exports &&","                    typeof process.versions.node === 'string' &&","                    typeof require('http').createServer === 'function' &&","                    'node';","            }","        }());","        // init global","        local.global = local.modeJs === 'browser'","            ? window","            : global;","        switch (local.modeJs) {","        // re-init local from window.local","        case 'browser':","            local = local.global.utility2.objectSetDefault(","                local.global.utility2_rollup || local.global.local,","                local.global.utility2","            );","            break;","        // re-init local from example.js","        case 'node':","            local = (local.global.utility2_rollup || require('utility2'))","                .requireReadme();","            break;","        }","        // export local","        local.global.local = local;","    }());","","","","    // run shared js-env code - function","    (function () {","        return;","    }());","    switch (local.modeJs) {","","","","    // run browser js-env code - function","    case 'browser':","        break;","","","","    // run node js-env code - function","    case 'node':","        break;","    }","","","","    // run shared js-env code - post-init","    (function () {","        return;","    }());","    switch (local.modeJs) {","","","","    // run browser js-env code - post-init","    case 'browser':","        local.testCase_browser_nullCase = local.testCase_browser_nullCase || function (","            options,","            onError","        ) {","        /*","         * this function will test browsers's null-case handling-behavior-behavior","         */","            onError(null, options);","        };","","        // run tests","        local.nop(local.modeTest &&","            document.querySelector('#testRunButton1') &&","            document.querySelector('#testRunButton1').click());","        break;","","","","    // run node js-env code - post-init","    /* istanbul ignore next */","    case 'node':","        local.testCase_buildApidoc_default = local.testCase_buildApidoc_default || function (","            options,","            onError","        ) {","        /*","         * this function will test buildApidoc's default handling-behavior-behavior","         */","            options = { modulePathList: module.paths };","            local.buildApidoc(options, onError);","        };","","        local.testCase_buildApp_default = local.testCase_buildApp_default || function (","            options,","            onError","        ) {","        /*","         * this function will test buildApp's default handling-behavior-behavior","         */","            local.testCase_buildReadme_default(options, local.onErrorThrow);","            local.testCase_buildLib_default(options, local.onErrorThrow);","            local.testCase_buildTest_default(options, local.onErrorThrow);","            local.testCase_buildCustomOrg_default(options, local.onErrorThrow);","            options = [];","            local.buildApp(options, onError);","        };","","        local.testCase_buildCustomOrg_default = local.testCase_buildCustomOrg_default ||","            function (options, onError) {","            /*","             * this function will test buildCustomOrg's default handling-behavior","             */","                options = {};","                local.buildCustomOrg(options, onError);","            };","","        local.testCase_buildLib_default = local.testCase_buildLib_default || function (","            options,","            onError","        ) {","        /*","         * this function will test buildLib's default handling-behavior","         */","            options = {};","            local.buildLib(options, onError);","        };","","        local.testCase_buildReadme_default = local.testCase_buildReadme_default || function (","            options,","            onError","        ) {","        /*","         * this function will test buildReadme's default handling-behavior-behavior","         */","            options = {};","            local.buildReadme(options, onError);","        };","","        local.testCase_buildTest_default = local.testCase_buildTest_default || function (","            options,","            onError","        ) {","        /*","         * this function will test buildTest's default handling-behavior","         */","            options = {};","            local.buildTest(options, onError);","        };","","        local.testCase_webpage_default = local.testCase_webpage_default || function (","            options,","            onError","        ) {","        /*","         * this function will test webpage's default handling-behavior","         */","            options = { modeCoverageMerge: true, url: local.serverLocalHost + '?modeTest=1' };","            local.browserTest(options, onError);","        };","","        // run test-server","        local.testRunServer(local);","        break;","    }","}());",""],"l":{"12":2,"14":2,"19":2,"21":2,"23":2,"24":2,"25":2,"30":1,"37":2,"40":2,"43":1,"47":1,"50":1,"52":1,"55":2,"61":2,"62":2,"64":2,"70":1,"76":1,"82":2,"83":2,"85":2,"91":1,"98":1,"102":1,"105":1,"112":1,"119":1,"120":1,"123":1,"130":1,"131":1,"132":1,"133":1,"134":1,"135":1,"138":1,"143":2,"144":2,"147":1,"154":2,"155":2,"158":1,"165":2,"166":2,"169":1,"176":2,"177":2,"180":1,"187":1,"188":1,"192":1,"193":1}},"/home/travis/build/npmtest/node-npmtest-table/lib.npmtest_table.js":{"path":"/home/travis/build/npmtest/node-npmtest-table/lib.npmtest_table.js","s":{"1":2,"2":2,"3":2,"4":2,"5":2,"6":2,"7":2,"8":1,"9":2,"10":2,"11":2,"12":2,"13":1,"14":1,"15":1,"16":1},"b":{"1":[2,1,1,1],"2":[1,1,1,1],"3":[1,1],"4":[2,2],"5":[1,1]},"f":{"1":2,"2":2,"3":2},"fnMap":{"1":{"name":"(anonymous_1)","line":12,"loc":{"start":{"line":12,"column":1},"end":{"line":12,"column":13}}},"2":{"name":"(anonymous_2)","line":19,"loc":{"start":{"line":19,"column":5},"end":{"line":19,"column":17}}},"3":{"name":"(anonymous_3)","line":23,"loc":{"start":{"line":23,"column":24},"end":{"line":23,"column":36}}}},"statementMap":{"1":{"start":{"line":12,"column":0},"end":{"line":53,"column":5}},"2":{"start":{"line":14,"column":4},"end":{"line":14,"column":14}},"3":{"start":{"line":19,"column":4},"end":{"line":52,"column":9}},"4":{"start":{"line":21,"column":8},"end":{"line":21,"column":19}},"5":{"start":{"line":23,"column":8},"end":{"line":35,"column":13}},"6":{"start":{"line":24,"column":12},"end":{"line":34,"column":13}},"7":{"start":{"line":25,"column":16},"end":{"line":28,"column":30}},"8":{"start":{"line":30,"column":16},"end":{"line":33,"column":27}},"9":{"start":{"line":37,"column":8},"end":{"line":39,"column":21}},"10":{"start":{"line":41,"column":8},"end":{"line":41,"column":54}},"11":{"start":{"line":43,"column":8},"end":{"line":43,"column":50}},"12":{"start":{"line":45,"column":8},"end":{"line":51,"column":9}},"13":{"start":{"line":46,"column":12},"end":{"line":46,"column":56}},"14":{"start":{"line":48,"column":12},"end":{"line":48,"column":35}},"15":{"start":{"line":49,"column":12},"end":{"line":49,"column":49}},"16":{"start":{"line":50,"column":12},"end":{"line":50,"column":43}}},"branchMap":{"1":{"line":25,"type":"binary-expr","locations":[{"start":{"line":25,"column":23},"end":{"line":25,"column":62}},{"start":{"line":26,"column":20},"end":{"line":26,"column":70}},{"start":{"line":27,"column":20},"end":{"line":27,"column":71}},{"start":{"line":28,"column":20},"end":{"line":28,"column":29}}]},"2":{"line":30,"type":"binary-expr","locations":[{"start":{"line":30,"column":23},"end":{"line":30,"column":37}},{"start":{"line":31,"column":20},"end":{"line":31,"column":61}},{"start":{"line":32,"column":20},"end":{"line":32,"column":70}},{"start":{"line":33,"column":20},"end":{"line":33,"column":26}}]},"3":{"line":37,"type":"cond-expr","locations":[{"start":{"line":38,"column":14},"end":{"line":38,"column":20}},{"start":{"line":39,"column":14},"end":{"line":39,"column":20}}]},"4":{"line":41,"type":"binary-expr","locations":[{"start":{"line":41,"column":16},"end":{"line":41,"column":44}},{"start":{"line":41,"column":48},"end":{"line":41,"column":53}}]},"5":{"line":45,"type":"if","locations":[{"start":{"line":45,"column":8},"end":{"line":45,"column":8}},{"start":{"line":45,"column":8},"end":{"line":45,"column":8}}]}},"code":["/* istanbul instrument in package npmtest_table */","/*jslint","    bitwise: true,","    browser: true,","    maxerr: 8,","    maxlen: 96,","    node: true,","    nomen: true,","    regexp: true,","    stupid: true","*/","(function () {","    'use strict';","    var local;","","","","    // run shared js-env code - pre-init","    (function () {","        // init local","        local = {};","        // init modeJs","        local.modeJs = (function () {","            try {","                return typeof navigator.userAgent === 'string' &&","                    typeof document.querySelector('body') === 'object' &&","                    typeof XMLHttpRequest.prototype.open === 'function' &&","                    'browser';","            } catch (errorCaughtBrowser) {","                return module.exports &&","                    typeof process.versions.node === 'string' &&","                    typeof require('http').createServer === 'function' &&","                    'node';","            }","        }());","        // init global","        local.global = local.modeJs === 'browser'","            ? window","            : global;","        // init utility2_rollup","        local = local.global.utility2_rollup || local;","        // init lib","        local.local = local.npmtest_table = local;","        // init exports","        if (local.modeJs === 'browser') {","            local.global.utility2_npmtest_table = local;","        } else {","            module.exports = local;","            module.exports.__dirname = __dirname;","            module.exports.module = module;","        }","    }());","}());",""],"l":{"12":2,"14":2,"19":2,"21":2,"23":2,"24":2,"25":2,"30":1,"37":2,"41":2,"43":2,"45":2,"46":1,"48":1,"49":1,"50":1}},"/home/travis/build/npmtest/node-npmtest-table/example.js":{"path":"/home/travis/build/npmtest/node-npmtest-table/example.js","s":{"1":2,"2":2,"3":2,"4":2,"5":2,"6":2,"7":2,"8":1,"9":2,"10":2,"11":2,"12":2,"13":1,"14":2,"15":2,"16":2,"17":2,"18":2,"19":0,"20":2,"21":1,"22":1,"23":1,"24":1,"25":1,"26":0,"27":0,"28":1,"29":1,"30":2,"31":0,"32":0,"33":0,"34":1,"35":2,"36":2,"37":3,"38":3,"39":3,"40":3,"41":0,"42":3,"43":3,"44":3,"45":1,"46":3,"47":1,"48":1,"49":1,"50":1,"51":1,"52":1,"53":1,"54":1,"55":1,"56":1,"57":0,"58":1,"59":6,"60":6,"61":1,"62":2,"63":0,"64":2,"65":1,"66":1,"67":0,"68":0,"69":0,"70":0,"71":0,"72":0,"73":0,"74":0,"75":0,"76":0,"77":0,"78":0,"79":0,"80":0,"81":0,"82":0,"83":0},"b":{"1":[2,1,1,1],"2":[1,1,1,1],"3":[1,1],"4":[2,2],"5":[1,1],"6":[1,1],"7":[2,0],"8":[2,1,1,1,1,1],"9":[0,2,0],"10":[1,1],"11":[2,1,1],"12":[1,0],"13":[0,2],"14":[2,0,0,0,0,0,0],"15":[0,3],"16":[3,0],"17":[1,1],"18":[0,1],"19":[1,2,0,2],"20":[1,0],"21":[1,1],"22":[0,0],"23":[0,0],"24":[0,0],"25":[0,0],"26":[0,0],"27":[0,0],"28":[0,0]},"f":{"1":2,"2":2,"3":2,"4":2,"5":2,"6":2,"7":3,"8":3,"9":3,"10":1,"11":6,"12":0},"fnMap":{"1":{"name":"(anonymous_1)","line":26,"loc":{"start":{"line":26,"column":1},"end":{"line":26,"column":13}}},"2":{"name":"(anonymous_2)","line":33,"loc":{"start":{"line":33,"column":5},"end":{"line":33,"column":17}}},"3":{"name":"(anonymous_3)","line":37,"loc":{"start":{"line":37,"column":24},"end":{"line":37,"column":36}}},"4":{"name":"(anonymous_4)","line":69,"loc":{"start":{"line":69,"column":31},"end":{"line":69,"column":48}},"skip":true},"5":{"name":"(anonymous_5)","line":78,"loc":{"start":{"line":78,"column":26},"end":{"line":78,"column":45}},"skip":true},"6":{"name":"(anonymous_6)","line":123,"loc":{"start":{"line":123,"column":33},"end":{"line":123,"column":48}},"skip":true},"7":{"name":"(anonymous_7)","line":125,"loc":{"start":{"line":125,"column":27},"end":{"line":125,"column":39}},"skip":true},"8":{"name":"(anonymous_8)","line":133,"loc":{"start":{"line":133,"column":59},"end":{"line":133,"column":74}},"skip":true},"9":{"name":"(anonymous_9)","line":143,"loc":{"start":{"line":143,"column":45},"end":{"line":143,"column":62}},"skip":true},"10":{"name":"(anonymous_10)","line":144,"loc":{"start":{"line":144,"column":73},"end":{"line":144,"column":92}},"skip":true},"11":{"name":"(anonymous_11)","line":272,"loc":{"start":{"line":272,"column":51},"end":{"line":272,"column":77}},"skip":true},"12":{"name":"(anonymous_12)","line":315,"loc":{"start":{"line":315,"column":32},"end":{"line":315,"column":61}},"skip":true}},"statementMap":{"1":{"start":{"line":26,"column":0},"end":{"line":326,"column":5}},"2":{"start":{"line":28,"column":4},"end":{"line":28,"column":14}},"3":{"start":{"line":33,"column":4},"end":{"line":60,"column":9}},"4":{"start":{"line":35,"column":8},"end":{"line":35,"column":19}},"5":{"start":{"line":37,"column":8},"end":{"line":49,"column":13}},"6":{"start":{"line":38,"column":12},"end":{"line":48,"column":13}},"7":{"start":{"line":39,"column":16},"end":{"line":42,"column":30}},"8":{"start":{"line":44,"column":16},"end":{"line":47,"column":27}},"9":{"start":{"line":51,"column":8},"end":{"line":53,"column":21}},"10":{"start":{"line":55,"column":8},"end":{"line":57,"column":45}},"11":{"start":{"line":59,"column":8},"end":{"line":59,"column":35}},"12":{"start":{"line":61,"column":4},"end":{"line":325,"column":5}},"13":{"start":{"line":69,"column":8},"end":{"line":121,"column":10},"skip":true},"14":{"start":{"line":70,"column":12},"end":{"line":88,"column":13},"skip":true},"15":{"start":{"line":76,"column":16},"end":{"line":87,"column":19},"skip":true},"16":{"start":{"line":79,"column":20},"end":{"line":86,"column":21},"skip":true},"17":{"start":{"line":82,"column":24},"end":{"line":82,"column":43},"skip":true},"18":{"start":{"line":83,"column":24},"end":{"line":83,"column":30},"skip":true},"19":{"start":{"line":85,"column":24},"end":{"line":85,"column":49},"skip":true},"20":{"start":{"line":89,"column":12},"end":{"line":107,"column":13},"skip":true},"21":{"start":{"line":92,"column":16},"end":{"line":102,"column":17},"skip":true},"22":{"start":{"line":93,"column":20},"end":{"line":93,"column":86},"skip":true},"23":{"start":{"line":94,"column":20},"end":{"line":95,"column":45},"skip":true},"24":{"start":{"line":96,"column":20},"end":{"line":96,"column":42},"skip":true},"25":{"start":{"line":97,"column":20},"end":{"line":97,"column":48},"skip":true},"26":{"start":{"line":100,"column":20},"end":{"line":100,"column":85},"skip":true},"27":{"start":{"line":101,"column":20},"end":{"line":101,"column":96},"skip":true},"28":{"start":{"line":103,"column":16},"end":{"line":103,"column":22},"skip":true},"29":{"start":{"line":106,"column":16},"end":{"line":106,"column":22},"skip":true},"30":{"start":{"line":108,"column":12},"end":{"line":120,"column":13},"skip":true},"31":{"start":{"line":114,"column":16},"end":{"line":119,"column":17},"skip":true},"32":{"start":{"line":116,"column":20},"end":{"line":116,"column":78},"skip":true},"33":{"start":{"line":118,"column":20},"end":{"line":118,"column":47},"skip":true},"34":{"start":{"line":123,"column":8},"end":{"line":141,"column":11},"skip":true},"35":{"start":{"line":124,"column":12},"end":{"line":124,"column":54},"skip":true},"36":{"start":{"line":125,"column":12},"end":{"line":140,"column":14},"skip":true},"37":{"start":{"line":126,"column":16},"end":{"line":126,"column":28},"skip":true},"38":{"start":{"line":127,"column":16},"end":{"line":127,"column":69},"skip":true},"39":{"start":{"line":128,"column":16},"end":{"line":128,"column":75},"skip":true},"40":{"start":{"line":129,"column":16},"end":{"line":131,"column":17},"skip":true},"41":{"start":{"line":130,"column":20},"end":{"line":130,"column":27},"skip":true},"42":{"start":{"line":133,"column":16},"end":{"line":137,"column":36},"skip":true},"43":{"start":{"line":134,"column":20},"end":{"line":136,"column":55},"skip":true},"44":{"start":{"line":139,"column":16},"end":{"line":139,"column":57},"skip":true},"45":{"start":{"line":143,"column":8},"end":{"line":147,"column":11},"skip":true},"46":{"start":{"line":144,"column":12},"end":{"line":146,"column":15},"skip":true},"47":{"start":{"line":145,"column":16},"end":{"line":145,"column":70},"skip":true},"48":{"start":{"line":149,"column":8},"end":{"line":149,"column":31},"skip":true},"49":{"start":{"line":150,"column":8},"end":{"line":150,"column":14},"skip":true},"50":{"start":{"line":158,"column":8},"end":{"line":158,"column":31},"skip":true},"51":{"start":{"line":160,"column":8},"end":{"line":160,"column":33},"skip":true},"52":{"start":{"line":161,"column":8},"end":{"line":161,"column":37},"skip":true},"53":{"start":{"line":162,"column":8},"end":{"line":162,"column":35},"skip":true},"54":{"start":{"line":164,"column":8},"end":{"line":164,"column":50},"skip":true},"55":{"start":{"line":166,"column":8},"end":{"line":256,"column":2},"skip":true},"56":{"start":{"line":258,"column":8},"end":{"line":286,"column":9},"skip":true},"57":{"start":{"line":259,"column":12},"end":{"line":269,"column":14},"skip":true},"58":{"start":{"line":271,"column":12},"end":{"line":285,"column":19},"skip":true},"59":{"start":{"line":274,"column":20},"end":{"line":274,"column":35},"skip":true},"60":{"start":{"line":275,"column":20},"end":{"line":284,"column":21},"skip":true},"61":{"start":{"line":277,"column":24},"end":{"line":277,"column":64},"skip":true},"62":{"start":{"line":279,"column":24},"end":{"line":279,"column":40},"skip":true},"63":{"start":{"line":281,"column":24},"end":{"line":281,"column":40},"skip":true},"64":{"start":{"line":283,"column":24},"end":{"line":283,"column":39},"skip":true},"65":{"start":{"line":288,"column":8},"end":{"line":290,"column":9},"skip":true},"66":{"start":{"line":289,"column":12},"end":{"line":289,"column":18},"skip":true},"67":{"start":{"line":291,"column":8},"end":{"line":293,"column":54},"skip":true},"68":{"start":{"line":296,"column":8},"end":{"line":301,"column":37},"skip":true},"69":{"start":{"line":303,"column":8},"end":{"line":303,"column":82},"skip":true},"70":{"start":{"line":306,"column":8},"end":{"line":308,"column":9},"skip":true},"71":{"start":{"line":307,"column":12},"end":{"line":307,"column":82},"skip":true},"72":{"start":{"line":310,"column":8},"end":{"line":312,"column":9},"skip":true},"73":{"start":{"line":311,"column":12},"end":{"line":311,"column":18},"skip":true},"74":{"start":{"line":313,"column":8},"end":{"line":313,"column":54},"skip":true},"75":{"start":{"line":314,"column":8},"end":{"line":314,"column":69},"skip":true},"76":{"start":{"line":315,"column":8},"end":{"line":323,"column":36},"skip":true},"77":{"start":{"line":316,"column":12},"end":{"line":316,"column":61},"skip":true},"78":{"start":{"line":317,"column":12},"end":{"line":320,"column":13},"skip":true},"79":{"start":{"line":318,"column":16},"end":{"line":318,"column":75},"skip":true},"80":{"start":{"line":319,"column":16},"end":{"line":319,"column":23},"skip":true},"81":{"start":{"line":321,"column":12},"end":{"line":321,"column":38},"skip":true},"82":{"start":{"line":322,"column":12},"end":{"line":322,"column":27},"skip":true},"83":{"start":{"line":324,"column":8},"end":{"line":324,"column":14},"skip":true}},"branchMap":{"1":{"line":39,"type":"binary-expr","locations":[{"start":{"line":39,"column":23},"end":{"line":39,"column":62}},{"start":{"line":40,"column":20},"end":{"line":40,"column":70}},{"start":{"line":41,"column":20},"end":{"line":41,"column":71}},{"start":{"line":42,"column":20},"end":{"line":42,"column":29}}]},"2":{"line":44,"type":"binary-expr","locations":[{"start":{"line":44,"column":23},"end":{"line":44,"column":37}},{"start":{"line":45,"column":20},"end":{"line":45,"column":61}},{"start":{"line":46,"column":20},"end":{"line":46,"column":70}},{"start":{"line":47,"column":20},"end":{"line":47,"column":26}}]},"3":{"line":51,"type":"cond-expr","locations":[{"start":{"line":52,"column":14},"end":{"line":52,"column":20}},{"start":{"line":53,"column":14},"end":{"line":53,"column":20}}]},"4":{"line":55,"type":"binary-expr","locations":[{"start":{"line":55,"column":16},"end":{"line":55,"column":44}},{"start":{"line":55,"column":49},"end":{"line":57,"column":43}}]},"5":{"line":55,"type":"cond-expr","locations":[{"start":{"line":56,"column":14},"end":{"line":56,"column":49}},{"start":{"line":57,"column":14},"end":{"line":57,"column":43}}]},"6":{"line":61,"type":"switch","locations":[{"start":{"line":68,"column":4},"end":{"line":150,"column":14},"skip":true},{"start":{"line":156,"column":4},"end":{"line":324,"column":14},"skip":true}]},"7":{"line":70,"type":"if","locations":[{"start":{"line":70,"column":12},"end":{"line":70,"column":12},"skip":true},{"start":{"line":70,"column":12},"end":{"line":70,"column":12},"skip":true}]},"8":{"line":70,"type":"binary-expr","locations":[{"start":{"line":70,"column":16},"end":{"line":70,"column":22},"skip":true},{"start":{"line":70,"column":27},"end":{"line":70,"column":32},"skip":true},{"start":{"line":71,"column":20},"end":{"line":71,"column":39},"skip":true},{"start":{"line":72,"column":20},"end":{"line":72,"column":49},"skip":true},{"start":{"line":73,"column":20},"end":{"line":73,"column":58},"skip":true},{"start":{"line":74,"column":20},"end":{"line":74,"column":69},"skip":true}]},"9":{"line":79,"type":"switch","locations":[{"start":{"line":80,"column":20},"end":{"line":80,"column":33},"skip":true},{"start":{"line":81,"column":20},"end":{"line":83,"column":30},"skip":true},{"start":{"line":84,"column":20},"end":{"line":85,"column":49},"skip":true}]},"10":{"line":89,"type":"switch","locations":[{"start":{"line":90,"column":12},"end":{"line":103,"column":22},"skip":true},{"start":{"line":105,"column":12},"end":{"line":106,"column":22},"skip":true}]},"11":{"line":89,"type":"binary-expr","locations":[{"start":{"line":89,"column":20},"end":{"line":89,"column":25},"skip":true},{"start":{"line":89,"column":29},"end":{"line":89,"column":48},"skip":true},{"start":{"line":89,"column":52},"end":{"line":89,"column":74},"skip":true}]},"12":{"line":92,"type":"if","locations":[{"start":{"line":92,"column":16},"end":{"line":92,"column":16},"skip":true},{"start":{"line":92,"column":16},"end":{"line":92,"column":16},"skip":true}]},"13":{"line":108,"type":"if","locations":[{"start":{"line":108,"column":12},"end":{"line":108,"column":12},"skip":true},{"start":{"line":108,"column":12},"end":{"line":108,"column":12},"skip":true}]},"14":{"line":108,"type":"binary-expr","locations":[{"start":{"line":108,"column":16},"end":{"line":108,"column":61},"skip":true},{"start":{"line":108,"column":66},"end":{"line":108,"column":72},"skip":true},{"start":{"line":108,"column":77},"end":{"line":108,"column":82},"skip":true},{"start":{"line":109,"column":20},"end":{"line":109,"column":39},"skip":true},{"start":{"line":110,"column":20},"end":{"line":110,"column":49},"skip":true},{"start":{"line":111,"column":20},"end":{"line":111,"column":58},"skip":true},{"start":{"line":112,"column":20},"end":{"line":112,"column":68},"skip":true}]},"15":{"line":129,"type":"if","locations":[{"start":{"line":129,"column":16},"end":{"line":129,"column":16},"skip":true},{"start":{"line":129,"column":16},"end":{"line":129,"column":16},"skip":true}]},"16":{"line":134,"type":"cond-expr","locations":[{"start":{"line":135,"column":26},"end":{"line":135,"column":29},"skip":true},{"start":{"line":136,"column":26},"end":{"line":136,"column":54},"skip":true}]},"17":{"line":164,"type":"binary-expr","locations":[{"start":{"line":164,"column":27},"end":{"line":164,"column":43},"skip":true},{"start":{"line":164,"column":47},"end":{"line":164,"column":49},"skip":true}]},"18":{"line":258,"type":"if","locations":[{"start":{"line":258,"column":8},"end":{"line":258,"column":8},"skip":true},{"start":{"line":258,"column":8},"end":{"line":258,"column":8},"skip":true}]},"19":{"line":275,"type":"switch","locations":[{"start":{"line":276,"column":20},"end":{"line":277,"column":64},"skip":true},{"start":{"line":278,"column":20},"end":{"line":279,"column":40},"skip":true},{"start":{"line":280,"column":20},"end":{"line":281,"column":40},"skip":true},{"start":{"line":282,"column":20},"end":{"line":283,"column":39},"skip":true}]},"20":{"line":288,"type":"if","locations":[{"start":{"line":288,"column":8},"end":{"line":288,"column":8},"skip":true},{"start":{"line":288,"column":8},"end":{"line":288,"column":8},"skip":true}]},"21":{"line":288,"type":"binary-expr","locations":[{"start":{"line":288,"column":12},"end":{"line":288,"column":40},"skip":true},{"start":{"line":288,"column":44},"end":{"line":288,"column":67},"skip":true}]},"22":{"line":292,"type":"binary-expr","locations":[{"start":{"line":292,"column":12},"end":{"line":292,"column":50},"skip":true},{"start":{"line":293,"column":12},"end":{"line":293,"column":53},"skip":true}]},"23":{"line":297,"type":"binary-expr","locations":[{"start":{"line":297,"column":12},"end":{"line":297,"column":63},"skip":true},{"start":{"line":298,"column":12},"end":{"line":301,"column":36},"skip":true}]},"24":{"line":303,"type":"binary-expr","locations":[{"start":{"line":303,"column":43},"end":{"line":303,"column":75},"skip":true},{"start":{"line":303,"column":79},"end":{"line":303,"column":81},"skip":true}]},"25":{"line":306,"type":"if","locations":[{"start":{"line":306,"column":8},"end":{"line":306,"column":8},"skip":true},{"start":{"line":306,"column":8},"end":{"line":306,"column":8},"skip":true}]},"26":{"line":310,"type":"if","locations":[{"start":{"line":310,"column":8},"end":{"line":310,"column":8},"skip":true},{"start":{"line":310,"column":8},"end":{"line":310,"column":8},"skip":true}]},"27":{"line":313,"type":"binary-expr","locations":[{"start":{"line":313,"column":27},"end":{"line":313,"column":43},"skip":true},{"start":{"line":313,"column":47},"end":{"line":313,"column":53},"skip":true}]},"28":{"line":317,"type":"if","locations":[{"start":{"line":317,"column":12},"end":{"line":317,"column":12},"skip":true},{"start":{"line":317,"column":12},"end":{"line":317,"column":12},"skip":true}]}},"code":["/*","example.js","","quickstart example","","instruction","    1. save this script as example.js","    2. run the shell command:","        $ npm install npmtest-table && PORT=8081 node example.js","    3. play with the browser-demo on http://127.0.0.1:8081","*/","","","","/* istanbul instrument in package npmtest_table */","/*jslint","    bitwise: true,","    browser: true,","    maxerr: 8,","    maxlen: 96,","    node: true,","    nomen: true,","    regexp: true,","    stupid: true","*/","(function () {","    'use strict';","    var local;","","","","    // run shared js-env code - pre-init","    (function () {","        // init local","        local = {};","        // init modeJs","        local.modeJs = (function () {","            try {","                return typeof navigator.userAgent === 'string' &&","                    typeof document.querySelector('body') === 'object' &&","                    typeof XMLHttpRequest.prototype.open === 'function' &&","                    'browser';","            } catch (errorCaughtBrowser) {","                return module.exports &&","                    typeof process.versions.node === 'string' &&","                    typeof require('http').createServer === 'function' &&","                    'node';","            }","        }());","        // init global","        local.global = local.modeJs === 'browser'","            ? window","            : global;","        // init utility2_rollup","        local = local.global.utility2_rollup || (local.modeJs === 'browser'","            ? local.global.utility2_npmtest_table","            : global.utility2_moduleExports);","        // export local","        local.global.local = local;","    }());","    switch (local.modeJs) {","","","","    // post-init","    // run browser js-env code - post-init","    /* istanbul ignore next */","    case 'browser':","        local.testRunBrowser = function (event) {","            if (!event || (event &&","                    event.currentTarget &&","                    event.currentTarget.className &&","                    event.currentTarget.className.includes &&","                    event.currentTarget.className.includes('onreset'))) {","                // reset output","                Array.from(","                    document.querySelectorAll('body > .resettable')","                ).forEach(function (element) {","                    switch (element.tagName) {","                    case 'INPUT':","                    case 'TEXTAREA':","                        element.value = '';","                        break;","                    default:","                        element.textContent = '';","                    }","                });","            }","            switch (event && event.currentTarget && event.currentTarget.id) {","            case 'testRunButton1':","                // show tests","                if (document.querySelector('#testReportDiv1').style.display === 'none') {","                    document.querySelector('#testReportDiv1').style.display = 'block';","                    document.querySelector('#testRunButton1').textContent =","                        'hide internal test';","                    local.modeTest = true;","                    local.testRunDefault(local);","                // hide tests","                } else {","                    document.querySelector('#testReportDiv1').style.display = 'none';","                    document.querySelector('#testRunButton1').textContent = 'run internal test';","                }","                break;","            // custom-case","            default:","                break;","            }","            if (document.querySelector('#inputTextareaEval1') && (!event || (event &&","                    event.currentTarget &&","                    event.currentTarget.className &&","                    event.currentTarget.className.includes &&","                    event.currentTarget.className.includes('oneval')))) {","                // try to eval input-code","                try {","                    /*jslint evil: true*/","                    eval(document.querySelector('#inputTextareaEval1').value);","                } catch (errorCaught) {","                    console.error(errorCaught);","                }","            }","        };","        // log stderr and stdout to #outputTextareaStdout1","        ['error', 'log'].forEach(function (key) {","            console[key + '_original'] = console[key];","            console[key] = function () {","                var element;","                console[key + '_original'].apply(console, arguments);","                element = document.querySelector('#outputTextareaStdout1');","                if (!element) {","                    return;","                }","                // append text to #outputTextareaStdout1","                element.value += Array.from(arguments).map(function (arg) {","                    return typeof arg === 'string'","                        ? arg","                        : JSON.stringify(arg, null, 4);","                }).join(' ') + '\\n';","                // scroll textarea to bottom","                element.scrollTop = element.scrollHeight;","            };","        });","        // init event-handling","        ['change', 'click', 'keyup'].forEach(function (event) {","            Array.from(document.querySelectorAll('.on' + event)).forEach(function (element) {","                element.addEventListener(event, local.testRunBrowser);","            });","        });","        // run tests","        local.testRunBrowser();","        break;","","","","    // run node js-env code - post-init","    /* istanbul ignore next */","    case 'node':","        // export local","        module.exports = local;","        // require modules","        local.fs = require('fs');","        local.http = require('http');","        local.url = require('url');","        // init assets","        local.assetsDict = local.assetsDict || {};","        /* jslint-ignore-begin */","        local.assetsDict['/assets.index.template.html'] = '\\","<!doctype html>\\n\\","<html lang=\"en\">\\n\\","<head>\\n\\","<meta charset=\"UTF-8\">\\n\\","<meta name=\"viewport\" content=\"width=device-width, initial-scale=1\">\\n\\","<title>{{env.npm_package_name}} (v{{env.npm_package_version}})</title>\\n\\","<style>\\n\\","/*csslint\\n\\","    box-sizing: false,\\n\\","    universal-selector: false\\n\\","*/\\n\\","* {\\n\\","    box-sizing: border-box;\\n\\","}\\n\\","body {\\n\\","    background: #dde;\\n\\","    font-family: Arial, Helvetica, sans-serif;\\n\\","    margin: 2rem;\\n\\","}\\n\\","body > * {\\n\\","    margin-bottom: 1rem;\\n\\","}\\n\\",".utility2FooterDiv {\\n\\","    margin-top: 20px;\\n\\","    text-align: center;\\n\\","}\\n\\","</style>\\n\\","<style>\\n\\","/*csslint\\n\\","*/\\n\\","textarea {\\n\\","    font-family: monospace;\\n\\","    height: 10rem;\\n\\","    width: 100%;\\n\\","}\\n\\","textarea[readonly] {\\n\\","    background: #ddd;\\n\\","}\\n\\","</style>\\n\\","</head>\\n\\","<body>\\n\\","<!-- utility2-comment\\n\\","<div id=\"ajaxProgressDiv1\" style=\"background: #d00; height: 2px; left: 0; margin: 0; padding: 0; position: fixed; top: 0; transition: background 0.5s, width 1.5s; width: 25%;\"></div>\\n\\","utility2-comment -->\\n\\","<h1>\\n\\","<!-- utility2-comment\\n\\","    <a\\n\\","        {{#if env.npm_package_homepage}}\\n\\","        href=\"{{env.npm_package_homepage}}\"\\n\\","        {{/if env.npm_package_homepage}}\\n\\","        target=\"_blank\"\\n\\","    >\\n\\","utility2-comment -->\\n\\","        {{env.npm_package_name}} (v{{env.npm_package_version}})\\n\\","<!-- utility2-comment\\n\\","    </a>\\n\\","utility2-comment -->\\n\\","</h1>\\n\\","<h3>{{env.npm_package_description}}</h3>\\n\\","<!-- utility2-comment\\n\\","<h4><a download href=\"assets.app.js\">download standalone app</a></h4>\\n\\","<button class=\"onclick onreset\" id=\"testRunButton1\">run internal test</button><br>\\n\\","<div id=\"testReportDiv1\" style=\"display: none;\"></div>\\n\\","utility2-comment -->\\n\\","\\n\\","\\n\\","\\n\\","<label>stderr and stdout</label>\\n\\","<textarea class=\"resettable\" id=\"outputTextareaStdout1\" readonly></textarea>\\n\\","<!-- utility2-comment\\n\\","{{#if isRollup}}\\n\\","<script src=\"assets.app.js\"></script>\\n\\","{{#unless isRollup}}\\n\\","utility2-comment -->\\n\\","<script src=\"assets.utility2.rollup.js\"></script>\\n\\","<script src=\"jsonp.utility2._stateInit?callback=window.utility2._stateInit\"></script>\\n\\","<script src=\"assets.npmtest_table.rollup.js\"></script>\\n\\","<script src=\"assets.example.js\"></script>\\n\\","<script src=\"assets.test.js\"></script>\\n\\","<!-- utility2-comment\\n\\","{{/if isRollup}}\\n\\","utility2-comment -->\\n\\","<div class=\"utility2FooterDiv\">\\n\\","    [ this app was created with\\n\\","    <a href=\"https://github.com/kaizhu256/node-utility2\" target=\"_blank\">utility2</a>\\n\\","    ]\\n\\","</div>\\n\\","</body>\\n\\","</html>\\n\\","';","        /* jslint-ignore-end */","        if (local.templateRender) {","            local.assetsDict['/'] = local.templateRender(","                local.assetsDict['/assets.index.template.html'],","                {","                    env: local.objectSetDefault(local.env, {","                        npm_package_description: 'the greatest app in the world!',","                        npm_package_name: 'my-app',","                        npm_package_nameAlias: 'my_app',","                        npm_package_version: '0.0.1'","                    })","                }","            );","        } else {","            local.assetsDict['/'] = local.assetsDict['/assets.index.template.html']","                .replace((/\\{\\{env\\.(\\w+?)\\}\\}/g), function (match0, match1) {","                    // jslint-hack","                    String(match0);","                    switch (match1) {","                    case 'npm_package_description':","                        return 'the greatest app in the world!';","                    case 'npm_package_name':","                        return 'my-app';","                    case 'npm_package_nameAlias':","                        return 'my_app';","                    case 'npm_package_version':","                        return '0.0.1';","                    }","                });","        }","        // run the cli","        if (local.global.utility2_rollup || module !== require.main) {","            break;","        }","        local.assetsDict['/assets.example.js'] =","            local.assetsDict['/assets.example.js'] ||","            local.fs.readFileSync(__filename, 'utf8');","        // bug-workaround - long $npm_package_buildCustomOrg","        /* jslint-ignore-begin */","        local.assetsDict['/assets.npmtest_table.rollup.js'] =","            local.assetsDict['/assets.npmtest_table.rollup.js'] ||","            local.fs.readFileSync(","                local.npmtest_table.__dirname + '/lib.npmtest_table.js',","                'utf8'","            ).replace((/^#!/), '//');","        /* jslint-ignore-end */","        local.assetsDict['/favicon.ico'] = local.assetsDict['/favicon.ico'] || '';","        // if $npm_config_timeout_exit exists,","        // then exit this process after $npm_config_timeout_exit ms","        if (Number(process.env.npm_config_timeout_exit)) {","            setTimeout(process.exit, Number(process.env.npm_config_timeout_exit));","        }","        // start server","        if (local.global.utility2_serverHttp1) {","            break;","        }","        process.env.PORT = process.env.PORT || '8081';","        console.error('server starting on port ' + process.env.PORT);","        local.http.createServer(function (request, response) {","            request.urlParsed = local.url.parse(request.url);","            if (local.assetsDict[request.urlParsed.pathname] !== undefined) {","                response.end(local.assetsDict[request.urlParsed.pathname]);","                return;","            }","            response.statusCode = 404;","            response.end();","        }).listen(process.env.PORT);","        break;","    }","}());",""],"l":{"26":2,"28":2,"33":2,"35":2,"37":2,"38":2,"39":2,"44":1,"51":2,"55":2,"59":2,"61":2,"69":1,"70":2,"76":2,"79":2,"82":2,"83":2,"85":1,"89":2,"92":1,"93":1,"94":1,"96":1,"97":1,"100":1,"101":1,"103":1,"106":1,"108":2,"114":1,"116":1,"118":1,"123":1,"124":2,"125":2,"126":3,"127":3,"128":3,"129":3,"130":1,"133":3,"134":3,"139":3,"143":1,"144":3,"145":1,"149":1,"150":1,"158":1,"160":1,"161":1,"162":1,"164":1,"166":1,"258":1,"259":1,"271":1,"274":6,"275":6,"277":1,"279":2,"281":1,"283":2,"288":1,"289":1,"291":1,"296":1,"303":1,"306":1,"307":1,"310":1,"311":1,"313":1,"314":1,"315":1,"316":1,"317":1,"318":1,"319":1,"321":1,"322":1,"324":1}},"/home/travis/build/npmtest/node-npmtest-table/node_modules/table/dist/index.js":{"path":"/home/travis/build/npmtest/node-npmtest-table/node_modules/table/dist/index.js","s":{"1":1,"2":1,"3":1,"4":1,"5":1,"6":1,"7":1,"8":1,"9":1,"10":3,"11":1,"12":1,"13":1},"b":{"1":[3,0],"2":[3,3]},"f":{"1":3},"fnMap":{"1":{"name":"_interopRequireDefault","line":20,"loc":{"start":{"line":20,"column":0},"end":{"line":20,"column":37}}}},"statementMap":{"1":{"start":{"line":3,"column":0},"end":{"line":5,"column":3}},"2":{"start":{"line":6,"column":0},"end":{"line":6,"column":79}},"3":{"start":{"line":8,"column":0},"end":{"line":8,"column":32}},"4":{"start":{"line":10,"column":0},"end":{"line":10,"column":45}},"5":{"start":{"line":12,"column":0},"end":{"line":12,"column":46}},"6":{"start":{"line":14,"column":0},"end":{"line":14,"column":59}},"7":{"start":{"line":16,"column":0},"end":{"line":16,"column":60}},"8":{"start":{"line":18,"column":0},"end":{"line":18,"column":73}},"9":{"start":{"line":20,"column":0},"end":{"line":20,"column":95}},"10":{"start":{"line":20,"column":39},"end":{"line":20,"column":93}},"11":{"start":{"line":22,"column":0},"end":{"line":22,"column":32}},"12":{"start":{"line":23,"column":0},"end":{"line":23,"column":46}},"13":{"start":{"line":24,"column":0},"end":{"line":24,"column":60}}},"branchMap":{"1":{"line":20,"type":"cond-expr","locations":[{"start":{"line":20,"column":70},"end":{"line":20,"column":73}},{"start":{"line":20,"column":76},"end":{"line":20,"column":92}}]},"2":{"line":20,"type":"binary-expr","locations":[{"start":{"line":20,"column":46},"end":{"line":20,"column":49}},{"start":{"line":20,"column":53},"end":{"line":20,"column":67}}]}},"code":["'use strict';","","Object.defineProperty(exports, \"__esModule\", {","  value: true","});","exports.getBorderCharacters = exports.createStream = exports.table = undefined;","","var _table = require('./table');","","var _table2 = _interopRequireDefault(_table);","","var _createStream = require('./createStream');","","var _createStream2 = _interopRequireDefault(_createStream);","","var _getBorderCharacters = require('./getBorderCharacters');","","var _getBorderCharacters2 = _interopRequireDefault(_getBorderCharacters);","","function _interopRequireDefault(obj) { return obj && obj.__esModule ? obj : { default: obj }; }","","exports.table = _table2.default;","exports.createStream = _createStream2.default;","exports.getBorderCharacters = _getBorderCharacters2.default;"],"l":{"3":1,"6":1,"8":1,"10":1,"12":1,"14":1,"16":1,"18":1,"20":3,"22":1,"23":1,"24":1}},"/home/travis/build/npmtest/node-npmtest-table/node_modules/table/dist/table.js":{"path":"/home/travis/build/npmtest/node-npmtest-table/node_modules/table/dist/table.js","s":{"1":1,"2":1,"3":1,"4":1,"5":1,"6":1,"7":1,"8":1,"9":1,"10":1,"11":1,"12":1,"13":1,"14":1,"15":1,"16":1,"17":1,"18":1,"19":1,"20":1,"21":1,"22":1,"23":10,"24":1,"25":0,"26":0,"27":0,"28":0,"29":0,"30":0,"31":0,"32":0,"33":0,"34":0,"35":0,"36":0},"b":{"1":[10,0],"2":[10,10],"3":[0,0],"4":[0,0]},"f":{"1":10,"2":0},"fnMap":{"1":{"name":"_interopRequireDefault","line":47,"loc":{"start":{"line":47,"column":0},"end":{"line":47,"column":37}}},"2":{"name":"(anonymous_2)","line":111,"loc":{"start":{"line":111,"column":18},"end":{"line":111,"column":34}}}},"statementMap":{"1":{"start":{"line":3,"column":0},"end":{"line":5,"column":3}},"2":{"start":{"line":7,"column":0},"end":{"line":7,"column":40}},"3":{"start":{"line":9,"column":0},"end":{"line":9,"column":53}},"4":{"start":{"line":11,"column":0},"end":{"line":11,"column":68}},"5":{"start":{"line":13,"column":0},"end":{"line":13,"column":81}},"6":{"start":{"line":15,"column":0},"end":{"line":15,"column":42}},"7":{"start":{"line":17,"column":0},"end":{"line":17,"column":55}},"8":{"start":{"line":19,"column":0},"end":{"line":19,"column":68}},"9":{"start":{"line":21,"column":0},"end":{"line":21,"column":81}},"10":{"start":{"line":23,"column":0},"end":{"line":23,"column":74}},"11":{"start":{"line":25,"column":0},"end":{"line":25,"column":87}},"12":{"start":{"line":27,"column":0},"end":{"line":27,"column":50}},"13":{"start":{"line":29,"column":0},"end":{"line":29,"column":63}},"14":{"start":{"line":31,"column":0},"end":{"line":31,"column":46}},"15":{"start":{"line":33,"column":0},"end":{"line":33,"column":59}},"16":{"start":{"line":35,"column":0},"end":{"line":35,"column":56}},"17":{"start":{"line":37,"column":0},"end":{"line":37,"column":69}},"18":{"start":{"line":39,"column":0},"end":{"line":39,"column":58}},"19":{"start":{"line":41,"column":0},"end":{"line":41,"column":71}},"20":{"start":{"line":43,"column":0},"end":{"line":43,"column":56}},"21":{"start":{"line":45,"column":0},"end":{"line":45,"column":69}},"22":{"start":{"line":47,"column":0},"end":{"line":47,"column":95}},"23":{"start":{"line":47,"column":39},"end":{"line":47,"column":93}},"24":{"start":{"line":111,"column":0},"end":{"line":133,"column":2}},"25":{"start":{"line":112,"column":2},"end":{"line":112,"column":90}},"26":{"start":{"line":114,"column":2},"end":{"line":114,"column":11}},"27":{"start":{"line":116,"column":2},"end":{"line":116,"column":41}},"28":{"start":{"line":118,"column":2},"end":{"line":118,"column":49}},"29":{"start":{"line":120,"column":2},"end":{"line":120,"column":61}},"30":{"start":{"line":122,"column":2},"end":{"line":122,"column":56}},"31":{"start":{"line":124,"column":2},"end":{"line":124,"column":78}},"32":{"start":{"line":126,"column":2},"end":{"line":126,"column":81}},"33":{"start":{"line":127,"column":2},"end":{"line":127,"column":53}},"34":{"start":{"line":128,"column":2},"end":{"line":128,"column":51}},"35":{"start":{"line":130,"column":2},"end":{"line":130,"column":73}},"36":{"start":{"line":132,"column":2},"end":{"line":132,"column":114}}},"branchMap":{"1":{"line":47,"type":"cond-expr","locations":[{"start":{"line":47,"column":70},"end":{"line":47,"column":73}},{"start":{"line":47,"column":76},"end":{"line":47,"column":92}}]},"2":{"line":47,"type":"binary-expr","locations":[{"start":{"line":47,"column":46},"end":{"line":47,"column":49}},{"start":{"line":47,"column":53},"end":{"line":47,"column":67}}]},"3":{"line":112,"type":"cond-expr","locations":[{"start":{"line":112,"column":72},"end":{"line":112,"column":84}},{"start":{"line":112,"column":87},"end":{"line":112,"column":89}}]},"4":{"line":112,"type":"binary-expr","locations":[{"start":{"line":112,"column":19},"end":{"line":112,"column":39}},{"start":{"line":112,"column":43},"end":{"line":112,"column":69}}]}},"code":["'use strict';","","Object.defineProperty(exports, \"__esModule\", {","  value: true","});","","var _drawTable = require('./drawTable');","","var _drawTable2 = _interopRequireDefault(_drawTable);","","var _calculateCellWidthIndex = require('./calculateCellWidthIndex');","","var _calculateCellWidthIndex2 = _interopRequireDefault(_calculateCellWidthIndex);","","var _makeConfig = require('./makeConfig');","","var _makeConfig2 = _interopRequireDefault(_makeConfig);","","var _calculateRowHeightIndex = require('./calculateRowHeightIndex');","","var _calculateRowHeightIndex2 = _interopRequireDefault(_calculateRowHeightIndex);","","var _mapDataUsingRowHeightIndex = require('./mapDataUsingRowHeightIndex');","","var _mapDataUsingRowHeightIndex2 = _interopRequireDefault(_mapDataUsingRowHeightIndex);","","var _alignTableData = require('./alignTableData');","","var _alignTableData2 = _interopRequireDefault(_alignTableData);","","var _padTableData = require('./padTableData');","","var _padTableData2 = _interopRequireDefault(_padTableData);","","var _validateTableData = require('./validateTableData');","","var _validateTableData2 = _interopRequireDefault(_validateTableData);","","var _stringifyTableData = require('./stringifyTableData');","","var _stringifyTableData2 = _interopRequireDefault(_stringifyTableData);","","var _truncateTableData = require('./truncateTableData');","","var _truncateTableData2 = _interopRequireDefault(_truncateTableData);","","function _interopRequireDefault(obj) { return obj && obj.__esModule ? obj : { default: obj }; }","","/**"," * @typedef {string} table~cell"," */","","/**"," * @typedef {table~cell[]} table~row"," */","","/**"," * @typedef {Object} table~columns"," * @property {string} alignment Cell content alignment (enum: left, center, right) (default: left)."," * @property {number} width Column width (default: auto)."," * @property {number} truncate Number of characters are which the content will be truncated (default: Infinity)."," * @property {number} paddingLeft Cell content padding width left (default: 1)."," * @property {number} paddingRight Cell content padding width right (default: 1)."," */","","/**"," * @typedef {Object} table~border"," * @property {string} topBody"," * @property {string} topJoin"," * @property {string} topLeft"," * @property {string} topRight"," * @property {string} bottomBody"," * @property {string} bottomJoin"," * @property {string} bottomLeft"," * @property {string} bottomRight"," * @property {string} bodyLeft"," * @property {string} bodyRight"," * @property {string} bodyJoin"," * @property {string} joinBody"," * @property {string} joinLeft"," * @property {string} joinRight"," * @property {string} joinJoin"," */","","/**"," * Used to tell whether to draw a horizontal line."," * This callback is called for each non-content line of the table."," * The default behavior is to always return true."," *"," * @typedef {Function} drawHorizontalLine"," * @param {number} index"," * @param {number} size"," * @returns {boolean}"," */","","/**"," * @typedef {Object} table~config"," * @property {table~border} border"," * @property {table~columns[]} columns Column specific configuration."," * @property {table~columns} columnDefault Default values for all columns. Column specific settings overwrite the default values."," * @property {table~drawHorizontalLine} drawHorizontalLine"," */","","/**"," * Generates a text table."," *"," * @param {table~row[]} data"," * @param {table~config} userConfig"," * @returns {string}"," */","exports.default = function (data) {","  let userConfig = arguments.length > 1 && arguments[1] !== undefined ? arguments[1] : {};","","  let rows;","","  (0, _validateTableData2.default)(data);","","  rows = (0, _stringifyTableData2.default)(data);","","  const config = (0, _makeConfig2.default)(rows, userConfig);","","  rows = (0, _truncateTableData2.default)(data, config);","","  const rowHeightIndex = (0, _calculateRowHeightIndex2.default)(rows, config);","","  rows = (0, _mapDataUsingRowHeightIndex2.default)(rows, rowHeightIndex, config);","  rows = (0, _alignTableData2.default)(rows, config);","  rows = (0, _padTableData2.default)(rows, config);","","  const cellWidthIndex = (0, _calculateCellWidthIndex2.default)(rows[0]);","","  return (0, _drawTable2.default)(rows, config.border, cellWidthIndex, rowHeightIndex, config.drawHorizontalLine);","};"],"l":{"3":1,"7":1,"9":1,"11":1,"13":1,"15":1,"17":1,"19":1,"21":1,"23":1,"25":1,"27":1,"29":1,"31":1,"33":1,"35":1,"37":1,"39":1,"41":1,"43":1,"45":1,"47":10,"111":1,"112":0,"114":0,"116":0,"118":0,"120":0,"122":0,"124":0,"126":0,"127":0,"128":0,"130":0,"132":0}},"/home/travis/build/npmtest/node-npmtest-table/node_modules/table/dist/drawTable.js":{"path":"/home/travis/build/npmtest/node-npmtest-table/node_modules/table/dist/drawTable.js","s":{"1":1,"2":1,"3":1,"4":1,"5":1,"6":1,"7":1,"8":2,"9":1,"10":0,"11":0,"12":0,"13":0,"14":0,"15":0,"16":0,"17":0,"18":0,"19":0,"20":0,"21":0,"22":0,"23":0,"24":0,"25":0,"26":0},"b":{"1":[1,1],"2":[2,2],"3":[0,0],"4":[0,0],"5":[0,0],"6":[0,0,0],"7":[0,0]},"f":{"1":2},"fnMap":{"1":{"name":"_interopRequireDefault","line":17,"loc":{"start":{"line":17,"column":0},"end":{"line":17,"column":37}}}},"statementMap":{"1":{"start":{"line":3,"column":0},"end":{"line":5,"column":3}},"2":{"start":{"line":7,"column":0},"end":{"line":7,"column":32}},"3":{"start":{"line":9,"column":0},"end":{"line":9,"column":47}},"4":{"start":{"line":11,"column":0},"end":{"line":11,"column":42}},"5":{"start":{"line":13,"column":0},"end":{"line":13,"column":36}},"6":{"start":{"line":15,"column":0},"end":{"line":15,"column":49}},"7":{"start":{"line":17,"column":0},"end":{"line":17,"column":95}},"8":{"start":{"line":17,"column":39},"end":{"line":17,"column":93}},"9":{"start":{"line":27,"column":0},"end":{"line":61,"column":2}},"10":{"start":{"line":28,"column":2},"end":{"line":28,"column":38}},"11":{"start":{"line":30,"column":2},"end":{"line":30,"column":31}},"12":{"start":{"line":32,"column":2},"end":{"line":32,"column":19}},"13":{"start":{"line":34,"column":2},"end":{"line":34,"column":14}},"14":{"start":{"line":36,"column":2},"end":{"line":38,"column":3}},"15":{"start":{"line":37,"column":4},"end":{"line":37,"column":70}},"16":{"start":{"line":40,"column":2},"end":{"line":54,"column":5}},"17":{"start":{"line":41,"column":4},"end":{"line":41,"column":50}},"18":{"start":{"line":43,"column":4},"end":{"line":47,"column":5}},"19":{"start":{"line":44,"column":6},"end":{"line":44,"column":45}},"20":{"start":{"line":46,"column":6},"end":{"line":46,"column":21}},"21":{"start":{"line":49,"column":4},"end":{"line":49,"column":16}},"22":{"start":{"line":51,"column":4},"end":{"line":53,"column":5}},"23":{"start":{"line":52,"column":6},"end":{"line":52,"column":73}},"24":{"start":{"line":56,"column":2},"end":{"line":58,"column":3}},"25":{"start":{"line":57,"column":4},"end":{"line":57,"column":73}},"26":{"start":{"line":60,"column":2},"end":{"line":60,"column":16}}},"branchMap":{"1":{"line":17,"type":"cond-expr","locations":[{"start":{"line":17,"column":70},"end":{"line":17,"column":73}},{"start":{"line":17,"column":76},"end":{"line":17,"column":92}}]},"2":{"line":17,"type":"binary-expr","locations":[{"start":{"line":17,"column":46},"end":{"line":17,"column":49}},{"start":{"line":17,"column":53},"end":{"line":17,"column":67}}]},"3":{"line":36,"type":"if","locations":[{"start":{"line":36,"column":2},"end":{"line":36,"column":2}},{"start":{"line":36,"column":2},"end":{"line":36,"column":2}}]},"4":{"line":43,"type":"if","locations":[{"start":{"line":43,"column":4},"end":{"line":43,"column":4}},{"start":{"line":43,"column":4},"end":{"line":43,"column":4}}]},"5":{"line":51,"type":"if","locations":[{"start":{"line":51,"column":4},"end":{"line":51,"column":4}},{"start":{"line":51,"column":4},"end":{"line":51,"column":4}}]},"6":{"line":51,"type":"binary-expr","locations":[{"start":{"line":51,"column":8},"end":{"line":51,"column":23}},{"start":{"line":51,"column":27},"end":{"line":51,"column":50}},{"start":{"line":51,"column":54},"end":{"line":51,"column":96}}]},"7":{"line":56,"type":"if","locations":[{"start":{"line":56,"column":2},"end":{"line":56,"column":2}},{"start":{"line":56,"column":2},"end":{"line":56,"column":2}}]}},"code":["'use strict';","","Object.defineProperty(exports, \"__esModule\", {","  value: true","});","","var _lodash = require('lodash');","","var _lodash2 = _interopRequireDefault(_lodash);","","var _drawBorder = require('./drawBorder');","","var _drawRow = require('./drawRow');","","var _drawRow2 = _interopRequireDefault(_drawRow);","","function _interopRequireDefault(obj) { return obj && obj.__esModule ? obj : { default: obj }; }","","/**"," * @param {Array} rows"," * @param {Object} border"," * @param {Array} columnSizeIndex"," * @param {Array} rowSpanIndex"," * @param {Function} drawHorizontalLine"," * @returns {string}"," */","exports.default = (rows, border, columnSizeIndex, rowSpanIndex, drawHorizontalLine) => {","  let output, realRowIndex, rowHeight;","","  const rowCount = rows.length;","","  realRowIndex = 0;","","  output = '';","","  if (drawHorizontalLine(realRowIndex, rowCount)) {","    output += (0, _drawBorder.drawBorderTop)(columnSizeIndex, border);","  }","","  _lodash2.default.forEach(rows, (row, index0) => {","    output += (0, _drawRow2.default)(row, border);","","    if (!rowHeight) {","      rowHeight = rowSpanIndex[realRowIndex];","","      realRowIndex++;","    }","","    rowHeight--;","","    if (rowHeight === 0 && index0 !== rowCount - 1 && drawHorizontalLine(realRowIndex, rowCount)) {","      output += (0, _drawBorder.drawBorderJoin)(columnSizeIndex, border);","    }","  });","","  if (drawHorizontalLine(realRowIndex, rowCount)) {","    output += (0, _drawBorder.drawBorderBottom)(columnSizeIndex, border);","  }","","  return output;","};"],"l":{"3":1,"7":1,"9":1,"11":1,"13":1,"15":1,"17":2,"27":1,"28":0,"30":0,"32":0,"34":0,"36":0,"37":0,"40":0,"41":0,"43":0,"44":0,"46":0,"49":0,"51":0,"52":0,"56":0,"57":0,"60":0}},"/home/travis/build/npmtest/node-npmtest-table/node_modules/table/dist/drawBorder.js":{"path":"/home/travis/build/npmtest/node-npmtest-table/node_modules/table/dist/drawBorder.js","s":{"1":1,"2":1,"3":1,"4":1,"5":1,"6":1,"7":1,"8":0,"9":0,"10":0,"11":1,"12":0,"13":1,"14":0,"15":1,"16":0,"17":1,"18":1,"19":1,"20":1},"b":{"1":[0,1],"2":[1,1]},"f":{"1":1},"fnMap":{"1":{"name":"_interopRequireDefault","line":12,"loc":{"start":{"line":12,"column":0},"end":{"line":12,"column":37}}}},"statementMap":{"1":{"start":{"line":3,"column":0},"end":{"line":5,"column":3}},"2":{"start":{"line":6,"column":0},"end":{"line":6,"column":107}},"3":{"start":{"line":8,"column":0},"end":{"line":8,"column":32}},"4":{"start":{"line":10,"column":0},"end":{"line":10,"column":47}},"5":{"start":{"line":12,"column":0},"end":{"line":12,"column":95}},"6":{"start":{"line":12,"column":39},"end":{"line":12,"column":93}},"7":{"start":{"line":27,"column":0},"end":{"line":33,"column":2}},"8":{"start":{"line":28,"column":2},"end":{"line":30,"column":22}},"9":{"start":{"line":29,"column":4},"end":{"line":29,"column":53}},"10":{"start":{"line":32,"column":2},"end":{"line":32,"column":51}},"11":{"start":{"line":48,"column":0},"end":{"line":55,"column":2}},"12":{"start":{"line":49,"column":2},"end":{"line":54,"column":5}},"13":{"start":{"line":70,"column":0},"end":{"line":77,"column":2}},"14":{"start":{"line":71,"column":2},"end":{"line":76,"column":5}},"15":{"start":{"line":92,"column":0},"end":{"line":99,"column":2}},"16":{"start":{"line":93,"column":2},"end":{"line":98,"column":5}},"17":{"start":{"line":101,"column":0},"end":{"line":101,"column":32}},"18":{"start":{"line":102,"column":0},"end":{"line":102,"column":44}},"19":{"start":{"line":103,"column":0},"end":{"line":103,"column":40}},"20":{"start":{"line":104,"column":0},"end":{"line":104,"column":38}}},"branchMap":{"1":{"line":12,"type":"cond-expr","locations":[{"start":{"line":12,"column":70},"end":{"line":12,"column":73}},{"start":{"line":12,"column":76},"end":{"line":12,"column":92}}]},"2":{"line":12,"type":"binary-expr","locations":[{"start":{"line":12,"column":46},"end":{"line":12,"column":49}},{"start":{"line":12,"column":53},"end":{"line":12,"column":67}}]}},"code":["'use strict';","","Object.defineProperty(exports, \"__esModule\", {","  value: true","});","exports.drawBorderTop = exports.drawBorderJoin = exports.drawBorderBottom = exports.drawBorder = undefined;","","var _lodash = require('lodash');","","var _lodash2 = _interopRequireDefault(_lodash);","","function _interopRequireDefault(obj) { return obj && obj.__esModule ? obj : { default: obj }; }","","/**"," * @typedef drawBorder~parts"," * @property {string} left"," * @property {string} right"," * @property {string} body"," * @property {string} join"," */","","/**"," * @param {number[]} columnSizeIndex"," * @param {drawBorder~parts} parts"," * @returns {string}"," */","const drawBorder = (columnSizeIndex, parts) => {","  const columns = _lodash2.default.map(columnSizeIndex, size => {","    return _lodash2.default.repeat(parts.body, size);","  }).join(parts.join);","","  return parts.left + columns + parts.right + '\\n';","};","","/**"," * @typedef drawBorderTop~parts"," * @property {string} topLeft"," * @property {string} topRight"," * @property {string} topBody"," * @property {string} topJoin"," */","","/**"," * @param {number[]} columnSizeIndex"," * @param {drawBorderTop~parts} parts"," * @returns {string}"," */","const drawBorderTop = (columnSizeIndex, parts) => {","  return drawBorder(columnSizeIndex, {","    body: parts.topBody,","    join: parts.topJoin,","    left: parts.topLeft,","    right: parts.topRight","  });","};","","/**"," * @typedef drawBorderJoin~parts"," * @property {string} joinLeft"," * @property {string} joinRight"," * @property {string} joinBody"," * @property {string} joinJoin"," */","","/**"," * @param {number[]} columnSizeIndex"," * @param {drawBorderJoin~parts} parts"," * @returns {string}"," */","const drawBorderJoin = (columnSizeIndex, parts) => {","  return drawBorder(columnSizeIndex, {","    body: parts.joinBody,","    join: parts.joinJoin,","    left: parts.joinLeft,","    right: parts.joinRight","  });","};","","/**"," * @typedef drawBorderBottom~parts"," * @property {string} topLeft"," * @property {string} topRight"," * @property {string} topBody"," * @property {string} topJoin"," */","","/**"," * @param {number[]} columnSizeIndex"," * @param {drawBorderBottom~parts} parts"," * @returns {string}"," */","const drawBorderBottom = (columnSizeIndex, parts) => {","  return drawBorder(columnSizeIndex, {","    body: parts.bottomBody,","    join: parts.bottomJoin,","    left: parts.bottomLeft,","    right: parts.bottomRight","  });","};","","exports.drawBorder = drawBorder;","exports.drawBorderBottom = drawBorderBottom;","exports.drawBorderJoin = drawBorderJoin;","exports.drawBorderTop = drawBorderTop;"],"l":{"3":1,"6":1,"8":1,"10":1,"12":1,"27":1,"28":0,"29":0,"32":0,"48":1,"49":0,"70":1,"71":0,"92":1,"93":0,"101":1,"102":1,"103":1,"104":1}},"/home/travis/build/npmtest/node-npmtest-table/node_modules/table/dist/drawRow.js":{"path":"/home/travis/build/npmtest/node-npmtest-table/node_modules/table/dist/drawRow.js","s":{"1":1,"2":1,"3":0},"b":{},"f":{},"fnMap":{},"statementMap":{"1":{"start":{"line":3,"column":0},"end":{"line":5,"column":3}},"2":{"start":{"line":19,"column":0},"end":{"line":21,"column":2}},"3":{"start":{"line":20,"column":2},"end":{"line":20,"column":83}}},"branchMap":{},"code":["'use strict';","","Object.defineProperty(exports, \"__esModule\", {","  value: true","});","","/**"," * @typedef {Object} drawRow~border"," * @property {string} bodyLeft"," * @property {string} bodyRight"," * @property {string} bodyJoin"," */","","/**"," * @param {number[]} columns"," * @param {drawRow~border} border"," * @returns {string}"," */","exports.default = (columns, border) => {","  return border.bodyLeft + columns.join(border.bodyJoin) + border.bodyRight + '\\n';","};"],"l":{"3":1,"19":1,"20":0}},"/home/travis/build/npmtest/node-npmtest-table/node_modules/table/dist/calculateCellWidthIndex.js":{"path":"/home/travis/build/npmtest/node-npmtest-table/node_modules/table/dist/calculateCellWidthIndex.js","s":{"1":1,"2":1,"3":1,"4":1,"5":1,"6":1,"7":2,"8":1,"9":0,"10":0},"b":{"1":[0,2],"2":[2,2]},"f":{"1":2},"fnMap":{"1":{"name":"_interopRequireDefault","line":15,"loc":{"start":{"line":15,"column":0},"end":{"line":15,"column":37}}}},"statementMap":{"1":{"start":{"line":3,"column":0},"end":{"line":5,"column":3}},"2":{"start":{"line":7,"column":0},"end":{"line":7,"column":32}},"3":{"start":{"line":9,"column":0},"end":{"line":9,"column":47}},"4":{"start":{"line":11,"column":0},"end":{"line":11,"column":43}},"5":{"start":{"line":13,"column":0},"end":{"line":13,"column":57}},"6":{"start":{"line":15,"column":0},"end":{"line":15,"column":95}},"7":{"start":{"line":15,"column":39},"end":{"line":15,"column":93}},"8":{"start":{"line":23,"column":0},"end":{"line":27,"column":2}},"9":{"start":{"line":24,"column":2},"end":{"line":26,"column":5}},"10":{"start":{"line":25,"column":4},"end":{"line":25,"column":45}}},"branchMap":{"1":{"line":15,"type":"cond-expr","locations":[{"start":{"line":15,"column":70},"end":{"line":15,"column":73}},{"start":{"line":15,"column":76},"end":{"line":15,"column":92}}]},"2":{"line":15,"type":"binary-expr","locations":[{"start":{"line":15,"column":46},"end":{"line":15,"column":49}},{"start":{"line":15,"column":53},"end":{"line":15,"column":67}}]}},"code":["'use strict';","","Object.defineProperty(exports, \"__esModule\", {","  value: true","});","","var _lodash = require('lodash');","","var _lodash2 = _interopRequireDefault(_lodash);","","var _stringWidth = require('string-width');","","var _stringWidth2 = _interopRequireDefault(_stringWidth);","","function _interopRequireDefault(obj) { return obj && obj.__esModule ? obj : { default: obj }; }","","/**"," * Calculates width of each cell contents."," *"," * @param {string[]} cells"," * @returns {number[]}"," */","exports.default = cells => {","  return _lodash2.default.map(cells, value => {","    return (0, _stringWidth2.default)(value);","  });","};"],"l":{"3":1,"7":1,"9":1,"11":1,"13":1,"15":2,"23":1,"24":0,"25":0}},"/home/travis/build/npmtest/node-npmtest-table/node_modules/table/dist/makeConfig.js":{"path":"/home/travis/build/npmtest/node-npmtest-table/node_modules/table/dist/makeConfig.js","s":{"1":1,"2":1,"3":1,"4":1,"5":1,"6":1,"7":1,"8":1,"9":1,"10":1,"11":4,"12":1,"13":0,"14":0,"15":1,"16":0,"17":0,"18":0,"19":0,"20":0,"21":0,"22":0,"23":0,"24":1,"25":0,"26":0,"27":0,"28":0,"29":0,"30":0,"31":0,"32":0,"33":0},"b":{"1":[2,2],"2":[4,4],"3":[0,0],"4":[0,0],"5":[0,0],"6":[0,0],"7":[0,0],"8":[0,0],"9":[0,0],"10":[0,0],"11":[0,0],"12":[0,0]},"f":{"1":4,"2":0,"3":0,"4":0},"fnMap":{"1":{"name":"_interopRequireDefault","line":23,"loc":{"start":{"line":23,"column":0},"end":{"line":23,"column":37}}},"2":{"name":"makeBorder","line":31,"loc":{"start":{"line":31,"column":19},"end":{"line":31,"column":41}}},"3":{"name":"makeColumns","line":46,"loc":{"start":{"line":46,"column":20},"end":{"line":46,"column":47}}},"4":{"name":"(anonymous_4)","line":79,"loc":{"start":{"line":79,"column":18},"end":{"line":79,"column":34}}}},"statementMap":{"1":{"start":{"line":3,"column":0},"end":{"line":5,"column":3}},"2":{"start":{"line":7,"column":0},"end":{"line":7,"column":32}},"3":{"start":{"line":9,"column":0},"end":{"line":9,"column":47}},"4":{"start":{"line":11,"column":0},"end":{"line":11,"column":60}},"5":{"start":{"line":13,"column":0},"end":{"line":13,"column":73}},"6":{"start":{"line":15,"column":0},"end":{"line":15,"column":50}},"7":{"start":{"line":17,"column":0},"end":{"line":17,"column":63}},"8":{"start":{"line":19,"column":0},"end":{"line":19,"column":86}},"9":{"start":{"line":21,"column":0},"end":{"line":21,"column":99}},"10":{"start":{"line":23,"column":0},"end":{"line":23,"column":95}},"11":{"start":{"line":23,"column":39},"end":{"line":23,"column":93}},"12":{"start":{"line":31,"column":0},"end":{"line":35,"column":2}},"13":{"start":{"line":32,"column":2},"end":{"line":32,"column":86}},"14":{"start":{"line":34,"column":2},"end":{"line":34,"column":94}},"15":{"start":{"line":46,"column":0},"end":{"line":68,"column":2}},"16":{"start":{"line":47,"column":2},"end":{"line":47,"column":87}},"17":{"start":{"line":48,"column":2},"end":{"line":48,"column":93}},"18":{"start":{"line":50,"column":2},"end":{"line":50,"column":88}},"19":{"start":{"line":52,"column":2},"end":{"line":65,"column":5}},"20":{"start":{"line":53,"column":4},"end":{"line":55,"column":5}},"21":{"start":{"line":54,"column":6},"end":{"line":54,"column":26}},"22":{"start":{"line":57,"column":4},"end":{"line":64,"column":38}},"23":{"start":{"line":67,"column":2},"end":{"line":67,"column":17}},"24":{"start":{"line":79,"column":0},"end":{"line":99,"column":2}},"25":{"start":{"line":80,"column":2},"end":{"line":80,"column":90}},"26":{"start":{"line":82,"column":2},"end":{"line":82,"column":59}},"27":{"start":{"line":84,"column":2},"end":{"line":84,"column":56}},"28":{"start":{"line":86,"column":2},"end":{"line":86,"column":44}},"29":{"start":{"line":87,"column":2},"end":{"line":87,"column":75}},"30":{"start":{"line":89,"column":2},"end":{"line":96,"column":3}},"31":{"start":{"line":93,"column":4},"end":{"line":95,"column":6}},"32":{"start":{"line":94,"column":6},"end":{"line":94,"column":18}},"33":{"start":{"line":98,"column":2},"end":{"line":98,"column":16}}},"branchMap":{"1":{"line":23,"type":"cond-expr","locations":[{"start":{"line":23,"column":70},"end":{"line":23,"column":73}},{"start":{"line":23,"column":76},"end":{"line":23,"column":92}}]},"2":{"line":23,"type":"binary-expr","locations":[{"start":{"line":23,"column":46},"end":{"line":23,"column":49}},{"start":{"line":23,"column":53},"end":{"line":23,"column":67}}]},"3":{"line":32,"type":"cond-expr","locations":[{"start":{"line":32,"column":68},"end":{"line":32,"column":80}},{"start":{"line":32,"column":83},"end":{"line":32,"column":85}}]},"4":{"line":32,"type":"binary-expr","locations":[{"start":{"line":32,"column":15},"end":{"line":32,"column":35}},{"start":{"line":32,"column":39},"end":{"line":32,"column":65}}]},"5":{"line":47,"type":"cond-expr","locations":[{"start":{"line":47,"column":69},"end":{"line":47,"column":81}},{"start":{"line":47,"column":84},"end":{"line":47,"column":86}}]},"6":{"line":47,"type":"binary-expr","locations":[{"start":{"line":47,"column":16},"end":{"line":47,"column":36}},{"start":{"line":47,"column":40},"end":{"line":47,"column":66}}]},"7":{"line":48,"type":"cond-expr","locations":[{"start":{"line":48,"column":75},"end":{"line":48,"column":87}},{"start":{"line":48,"column":90},"end":{"line":48,"column":92}}]},"8":{"line":48,"type":"binary-expr","locations":[{"start":{"line":48,"column":22},"end":{"line":48,"column":42}},{"start":{"line":48,"column":46},"end":{"line":48,"column":72}}]},"9":{"line":53,"type":"if","locations":[{"start":{"line":53,"column":4},"end":{"line":53,"column":4}},{"start":{"line":53,"column":4},"end":{"line":53,"column":4}}]},"10":{"line":80,"type":"cond-expr","locations":[{"start":{"line":80,"column":72},"end":{"line":80,"column":84}},{"start":{"line":80,"column":87},"end":{"line":80,"column":89}}]},"11":{"line":80,"type":"binary-expr","locations":[{"start":{"line":80,"column":19},"end":{"line":80,"column":39}},{"start":{"line":80,"column":43},"end":{"line":80,"column":69}}]},"12":{"line":89,"type":"if","locations":[{"start":{"line":89,"co
[...]
:0,"56":0,"57":0,"58":0,"59":0,"60":0,"61":0,"62":0,"63":0,"64":0,"65":0,"66":0,"67":0},"b":{"1":[8,1],"2":[9,9],"3":[0,0],"4":[0,0],"5":[0,0],"6":[0,0]},"f":{"1":9,"2":0},"fnMap":{"1":{"name":"_interopRequireDefault","line":45,"loc":{"start":{"line":45,"column":0},"end":{"line":45,"column":37}}},"2":{"name":"(anonymous_2)","line":125,"loc":{"start":{"line":125,"column":18},"end":{"line":125,"column":30}}}},"statementMap":{"1":{"start":{"line":3,"column":0},"end":{"line":5,"column":3}},"2":{"start":{"line":7,"column":0},"end":{"line":7,"column":32}},"3":{"start":{"line":9,"column":0},"end":{"line":9,"column":47}},"4":{"start":{"line":11,"column":0},"end":{"line":11,"column":54}},"5":{"start":{"line":13,"column":0},"end":{"line":13,"column":67}},"6":{"start":{"line":15,"column":0},"end":{"line":15,"column":36}},"7":{"start":{"line":17,"column":0},"end":{"line":17,"column":49}},"8":{"start":{"line":19,"column":0},"end":{"line":19,"column":42}},"9":{"start":{"line":21,"column":0},"end":{"line":21,"column":58}},"10":{"start":{"line":23,"column":0},"end":{"line":23,"column":71}},"11":{"start":{"line":25,"column":0},"end":{"line":25,"column":56}},"12":{"start":{"line":27,"column":0},"end":{"line":27,"column":69}},"13":{"start":{"line":29,"column":0},"end":{"line":29,"column":74}},"14":{"start":{"line":31,"column":0},"end":{"line":31,"column":87}},"15":{"start":{"line":33,"column":0},"end":{"line":33,"column":50}},"16":{"start":{"line":35,"column":0},"end":{"line":35,"column":63}},"17":{"start":{"line":37,"column":0},"end":{"line":37,"column":46}},"18":{"start":{"line":39,"column":0},"end":{"line":39,"column":59}},"19":{"start":{"line":41,"column":0},"end":{"line":41,"column":68}},"20":{"start":{"line":43,"column":0},"end":{"line":43,"column":81}},"21":{"start":{"line":45,"column":0},"end":{"line":45,"column":95}},"22":{"start":{"line":45,"column":39},"end":{"line":45,"column":93}},"23":{"start":{"line":52,"column":0},"end":{"line":66,"column":2}},"24":{"start":{"line":53,"column":2},"end":{"line":53,"column":11}},"25":{"start":{"line":55,"column":2},"end":{"line":55,"column":49}},"26":{"start":{"line":57,"column":2},"end":{"line":57,"column":56}},"27":{"start":{"line":59,"column":2},"end":{"line":59,"column":78}},"28":{"start":{"line":61,"column":2},"end":{"line":61,"column":81}},"29":{"start":{"line":62,"column":2},"end":{"line":62,"column":53}},"30":{"start":{"line":63,"column":2},"end":{"line":63,"column":51}},"31":{"start":{"line":65,"column":2},"end":{"line":65,"column":14}},"32":{"start":{"line":74,"column":0},"end":{"line":92,"column":2}},"33":{"start":{"line":75,"column":2},"end":{"line":75,"column":42}},"34":{"start":{"line":77,"column":2},"end":{"line":79,"column":14}},"35":{"start":{"line":78,"column":4},"end":{"line":78,"column":61}},"36":{"start":{"line":81,"column":2},"end":{"line":81,"column":13}},"37":{"start":{"line":83,"column":2},"end":{"line":83,"column":14}},"38":{"start":{"line":85,"column":2},"end":{"line":85,"column":76}},"39":{"start":{"line":86,"column":2},"end":{"line":86,"column":17}},"40":{"start":{"line":87,"column":2},"end":{"line":87,"column":79}},"41":{"start":{"line":89,"column":2},"end":{"line":89,"column":44}},"42":{"start":{"line":91,"column":2},"end":{"line":91,"column":31}},"43":{"start":{"line":100,"column":0},"end":{"line":118,"column":2}},"44":{"start":{"line":101,"column":2},"end":{"line":101,"column":42}},"45":{"start":{"line":103,"column":2},"end":{"line":105,"column":14}},"46":{"start":{"line":104,"column":4},"end":{"line":104,"column":61}},"47":{"start":{"line":107,"column":2},"end":{"line":107,"column":13}},"48":{"start":{"line":109,"column":2},"end":{"line":109,"column":22}},"49":{"start":{"line":111,"column":2},"end":{"line":111,"column":77}},"50":{"start":{"line":112,"column":2},"end":{"line":112,"column":17}},"51":{"start":{"line":113,"column":2},"end":{"line":113,"column":79}},"52":{"start":{"line":115,"column":2},"end":{"line":115,"column":44}},"53":{"start":{"line":117,"column":2},"end":{"line":117,"column":31}},"54":{"start":{"line":125,"column":0},"end":{"line":157,"column":2}},"55":{"start":{"line":126,"column":2},"end":{"line":126,"column":90}},"56":{"start":{"line":128,"column":2},"end":{"line":128,"column":61}},"57":{"start":{"line":130,"column":2},"end":{"line":132,"column":5}},"58":{"start":{"line":131,"column":4},"end":{"line":131,"column":67}},"59":{"start":{"line":134,"column":2},"end":{"line":134,"column":12}},"60":{"start":{"line":136,"column":2},"end":{"line":136,"column":15}},"61":{"start":{"line":138,"column":2},"end":{"line":156,"column":4}},"62":{"start":{"line":144,"column":6},"end":{"line":146,"column":7}},"63":{"start":{"line":145,"column":8},"end":{"line":145,"column":81}},"64":{"start":{"line":148,"column":6},"end":{"line":154,"column":7}},"65":{"start":{"line":149,"column":8},"end":{"line":149,"column":22}},"66":{"start":{"line":151,"column":8},"end":{"line":151,"column":53}},"67":{"start":{"line":153,"column":8},"end":{"line":153,"column":53}}},"branchMap":{"1":{"line":45,"type":"cond-expr","locations":[{"start":{"line":45,"column":70},"end":{"line":45,"column":73}},{"start":{"line":45,"column":76},"end":{"line":45,"column":92}}]},"2":{"line":45,"type":"binary-expr","locations":[{"start":{"line":45,"column":46},"end":{"line":45,"column":49}},{"start":{"line":45,"column":53},"end":{"line":45,"column":67}}]},"3":{"line":126,"type":"cond-expr","locations":[{"start":{"line":126,"column":72},"end":{"line":126,"column":84}},{"start":{"line":126,"column":87},"end":{"line":126,"column":89}}]},"4":{"line":126,"type":"binary-expr","locations":[{"start":{"line":126,"column":19},"end":{"line":126,"column":39}},{"start":{"line":126,"column":43},"end":{"line":126,"column":69}}]},"5":{"line":144,"type":"if","locations":[{"start":{"line":144,"column":6},"end":{"line":144,"column":6}},{"start":{"line":144,"column":6},"end":{"line":144,"column":6}}]},"6":{"line":148,"type":"if","locations":[{"start":{"line":148,"column":6},"end":{"line":148,"column":6}},{"start":{"line":148,"column":6},"end":{"line":148,"column":6}}]}},"code":["'use strict';","","Object.defineProperty(exports, \"__esModule\", {","  value: true","});","","var _lodash = require('lodash');","","var _lodash2 = _interopRequireDefault(_lodash);","","var _makeStreamConfig = require('./makeStreamConfig');","","var _makeStreamConfig2 = _interopRequireDefault(_makeStreamConfig);","","var _drawRow = require('./drawRow');","","var _drawRow2 = _interopRequireDefault(_drawRow);","","var _drawBorder = require('./drawBorder');","","var _stringifyTableData = require('./stringifyTableData');","","var _stringifyTableData2 = _interopRequireDefault(_stringifyTableData);","","var _truncateTableData = require('./truncateTableData');","","var _truncateTableData2 = _interopRequireDefault(_truncateTableData);","","var _mapDataUsingRowHeightIndex = require('./mapDataUsingRowHeightIndex');","","var _mapDataUsingRowHeightIndex2 = _interopRequireDefault(_mapDataUsingRowHeightIndex);","","var _alignTableData = require('./alignTableData');","","var _alignTableData2 = _interopRequireDefault(_alignTableData);","","var _padTableData = require('./padTableData');","","var _padTableData2 = _interopRequireDefault(_padTableData);","","var _calculateRowHeightIndex = require('./calculateRowHeightIndex');","","var _calculateRowHeightIndex2 = _interopRequireDefault(_calculateRowHeightIndex);","","function _interopRequireDefault(obj) { return obj && obj.__esModule ? obj : { default: obj }; }","","/**"," * @param {Array} data"," * @param {Object} config"," * @returns {Array}"," */","const prepareData = (data, config) => {","  let rows;","","  rows = (0, _stringifyTableData2.default)(data);","","  rows = (0, _truncateTableData2.default)(data, config);","","  const rowHeightIndex = (0, _calculateRowHeightIndex2.default)(rows, config);","","  rows = (0, _mapDataUsingRowHeightIndex2.default)(rows, rowHeightIndex, config);","  rows = (0, _alignTableData2.default)(rows, config);","  rows = (0, _padTableData2.default)(rows, config);","","  return rows;","};","","/**"," * @param {string[]} row"," * @param {number[]} columnWidthIndex"," * @param {Object} config"," * @returns {undefined}"," */","const create = (row, columnWidthIndex, config) => {","  const rows = prepareData([row], config);","","  const body = _lodash2.default.map(rows, literalRow => {","    return (0, _drawRow2.default)(literalRow, config.border);","  }).join('');","","  let output;","","  output = '';","","  output += (0, _drawBorder.drawBorderTop)(columnWidthIndex, config.border);","  output += body;","  output += (0, _drawBorder.drawBorderBottom)(columnWidthIndex, config.border);","","  output = _lodash2.default.trimEnd(output);","","  process.stdout.write(output);","};","","/**"," * @param {string[]} row"," * @param {number[]} columnWidthIndex"," * @param {Object} config"," * @returns {undefined}"," */","const append = (row, columnWidthIndex, config) => {","  const rows = prepareData([row], config);","","  const body = _lodash2.default.map(rows, literalRow => {","    return (0, _drawRow2.default)(literalRow, config.border);","  }).join('');","","  let output;","","  output = '\\r\\x1b[K';","","  output += (0, _drawBorder.drawBorderJoin)(columnWidthIndex, config.border);","  output += body;","  output += (0, _drawBorder.drawBorderBottom)(columnWidthIndex, config.border);","","  output = _lodash2.default.trimEnd(output);","","  process.stdout.write(output);","};","","/**"," * @param {Object} userConfig"," * @returns {Object}"," */","","exports.default = function () {","  let userConfig = arguments.length > 0 && arguments[0] !== undefined ? arguments[0] : {};","","  const config = (0, _makeStreamConfig2.default)(userConfig);","","  const columnWidthIndex = _lodash2.default.mapValues(config.columns, column => {","    return column.width + column.paddingLeft + column.paddingRight;","  });","","  let empty;","","  empty = true;","","  return {","    /**","     * @param {string[]} row","     * @returns {undefined}","     */","    write: row => {","      if (row.length !== config.columnCount) {","        throw new Error('Row cell count does not match the config.columnCount.');","      }","","      if (empty) {","        empty = false;","","        return create(row, columnWidthIndex, config);","      } else {","        return append(row, columnWidthIndex, config);","      }","    }","  };","};"],"l":{"3":1,"7":1,"9":1,"11":1,"13":1,"15":1,"17":1,"19":1,"21":1,"23":1,"25":1,"27":1,"29":1,"31":1,"33":1,"35":1,"37":1,"39":1,"41":1,"43":1,"45":9,"52":1,"53":0,"55":0,"57":0,"59":0,"61":0,"62":0,"63":0,"65":0,"74":1,"75":0,"77":0,"78":0,"81":0,"83":0,"85":0,"86":0,"87":0,"89":0,"91":0,"100":1,"101":0,"103":0,"104":0,"107":0,"109":0,"111":0,"112":0,"113":0,"115":0,"117":0,"125":1,"126":0,"128":0,"130":0,"131":0,"134":0,"136":0,"138":0,"144":0,"145":0,"148":0,"149":0,"151":0,"153":0}},"/home/travis/build/npmtest/node-npmtest-table/node_modules/table/dist/makeStreamConfig.js":{"path":"/home/travis/build/npmtest/node-npmtest-table/node_modules/table/dist/makeStreamConfig.js","s":{"1":1,"2":1,"3":1,"4":1,"5":1,"6":1,"7":1,"8":1,"9":3,"10":1,"11":0,"12":0,"13":1,"14":0,"15":0,"16":0,"17":0,"18":0,"19":0,"20":0,"21":1,"22":0,"23":0,"24":0,"25":0,"26":0,"27":0,"28":0,"29":0,"30":0,"31":0},"b":{"1":[1,2],"2":[3,3],"3":[0,0],"4":[0,0],"5":[0,0],"6":[0,0],"7":[0,0],"8":[0,0],"9":[0,0],"10":[0,0],"11":[0,0],"12":[0,0],"13":[0,0],"14":[0,0]},"f":{"1":3,"2":0,"3":0,"4":0},"fnMap":{"1":{"name":"_interopRequireDefault","line":19,"loc":{"start":{"line":19,"column":0},"end":{"line":19,"column":37}}},"2":{"name":"makeBorder","line":27,"loc":{"start":{"line":27,"column":19},"end":{"line":27,"column":41}}},"3":{"name":"makeColumns","line":42,"loc":{"start":{"line":42,"column":20},"end":{"line":42,"column":54}}},"4":{"name":"(anonymous_4)","line":88,"loc":{"start":{"line":88,"column":18},"end":{"line":88,"column":30}}}},"statementMap":{"1":{"start":{"line":3,"column":0},"end":{"line":5,"column":3}},"2":{"start":{"line":7,"column":0},"end":{"line":7,"column":32}},"3":{"start":{"line":9,"column":0},"end":{"line":9,"column":47}},"4":{"start":{"line":11,"column":0},"end":{"line":11,"column":60}},"5":{"start":{"line":13,"column":0},"end":{"line":13,"column":73}},"6":{"start":{"line":15,"column":0},"end":{"line":15,"column":50}},"7":{"start":{"line":17,"column":0},"end":{"line":17,"column":63}},"8":{"start":{"line":19,"column":0},"end":{"line":19,"column":95}},"9":{"start":{"line":19,"column":39},"end":{"line":19,"column":93}},"10":{"start":{"line":27,"column":0},"end":{"line":31,"column":2}},"11":{"start":{"line":28,"column":2},"end":{"line":28,"column":86}},"12":{"start":{"line":30,"column":2},"end":{"line":30,"column":94}},"13":{"start":{"line":42,"column":0},"end":{"line":61,"column":2}},"14":{"start":{"line":43,"column":2},"end":{"line":43,"column":87}},"15":{"start":{"line":44,"column":2},"end":{"line":44,"column":93}},"16":{"start":{"line":46,"column":2},"end":{"line":58,"column":5}},"17":{"start":{"line":47,"column":4},"end":{"line":49,"column":5}},"18":{"start":{"line":48,"column":6},"end":{"line":48,"column":26}},"19":{"start":{"line":51,"column":4},"end":{"line":57,"column":38}},"20":{"start":{"line":60,"column":2},"end":{"line":60,"column":17}},"21":{"start":{"line":88,"column":0},"end":{"line":107,"column":2}},"22":{"start":{"line":89,"column":2},"end":{"line":89,"column":90}},"23":{"start":{"line":91,"column":2},"end":{"line":91,"column":65}},"24":{"start":{"line":93,"column":2},"end":{"line":93,"column":56}},"25":{"start":{"line":95,"column":2},"end":{"line":97,"column":3}},"26":{"start":{"line":96,"column":4},"end":{"line":96,"column":87}},"27":{"start":{"line":99,"column":2},"end":{"line":101,"column":3}},"28":{"start":{"line":100,"column":4},"end":{"line":100,"column":56}},"29":{"start":{"line":103,"column":2},"end":{"line":103,"column":44}},"30":{"start":{"line":104,"column":2},"end":{"line":104,"column":89}},"31":{"start":{"line":106,"column":2},"end":{"line":106,"column":16}}},"branchMap":{"1":{"line":19,"type":"cond-expr","locations":[{"start":{"line":19,"column":70},"end":{"line":19,"column":73}},{"start":{"line":19,"column":76},"end":{"line":19,"column":92}}]},"2":{"line":19,"type":"binary-expr","locations":[{"start":{"line":19,"column":46},"end":{"line":19,"column":49}},{"start":{"line":19,"column":53},"end":{"line":19,"column":67}}]},"3":{"line":28,"type":"cond-expr","locations":[{"start":{"line":28,"column":68},"end":{"line":28,"column":80}},{"start":{"line":28,"column":83},"end":{"line":28,"column":85}}]},"4":{"line":28,"type":"binary-expr","locations":[{"start":{"line":28,"column":15},"end":{"line":28,"column":35}},{"start":{"line":28,"column":39},"end":{"line":28,"column":65}}]},"5":{"line":43,"type":"cond-expr","locations":[{"start":{"line":43,"column":69},"end":{"line":43,"column":81}},{"start":{"line":43,"column":84},"end":{"line":43,"column":86}}]},"6":{"line":43,"type":"binary-expr","locations":[{"start":{"line":43,"column":16},"end":{"line":43,"column":36}},{"start":{"line":43,"column":40},"end":{"line":43,"column":66}}]},"7":{"line":44,"type":"cond-expr","locations":[{"start":{"line":44,"column":75},"end":{"line":44,"column":87}},{"start":{"line":44,"column":90},"end":{"line":44,"column":92}}]},"8":{"line":44,"type":"binary-expr","locations":[{"start":{"line":44,"column":22},"end":{"line":44,"column":42}},{"start":{"line":44,"column":46},"end":{"line":44,"column":72}}]},"9":{"line":47,"type":"if","locations":[{"start":{"line":47,"column":4},"end":{"line":47,"column":4}},{"start":{"line":47,"column":4},"end":{"line":47,"column":4}}]},"10":{"line":89,"type":"cond-expr","locations":[{"start":{"line":89,"column":72},"end":{"line":89,"column":84}},{"start":{"line":89,"column":87},"end":{"line":89,"column":89}}]},"11":{"line":89,"type":"binary-expr","locations":[{"start":{"line":89,"column":19},"end":{"line":89,"column":39}},{"start":{"line":89,"column":43},"end":{"line":89,"column":69}}]},"12":{"line":95,"type":"if","locations":[{"start":{"line":95,"column":2},"end":{"line":95,"column":2}},{"start":{"line":95,"column":2},"end":{"line":95,"column":2}}]},"13":{"line":95,"type":"binary-expr","locations":[{"start":{"line":95,"column":6},"end":{"line":95,"column":27}},{"start":{"line":95,"column":31},"end":{"line":95,"column":58}}]},"14":{"line":99,"type":"if","locations":[{"start":{"line":99,"column":2},"end":{"line":99,"column":2}},{"start":{"line":99,"column":2},"end":{"line":99,"column":2}}]}},"code":["'use strict';","","Object.defineProperty(exports, \"__esModule\", {","  value: true","});","","var _lodash = require('lodash');","","var _lodash2 = _interopRequireDefault(_lodash);","","var _getBorderCharacters = require('./getBorderCharacters');","","var _getBorderCharacters2 = _interopRequireDefault(_getBorderCharacters);","","var _validateConfig = require('./validateConfig');","","var _validateConfig2 = _interopRequireDefault(_validateConfig);","","function _interopRequireDefault(obj) { return obj && obj.__esModule ? obj : { default: obj }; }","","/**"," * Merges user provided border characters with the default border (\"honeywell\") characters."," *"," * @param {Object} border"," * @returns {Object}"," */","const makeBorder = function makeBorder() {","  let border = arguments.length > 0 && arguments[0] !== undefined ? arguments[0] : {};","","  return _lodash2.default.assign({}, (0, _getBorderCharacters2.default)('honeywell'), border);","};","","/**"," * Creates a configuration for every column using default"," * values for the missing configuration properties."," *"," * @param {number} columnCount"," * @param {Object} columns"," * @param {Object} columnDefault"," * @returns {Object}"," */","const makeColumns = function makeColumns(columnCount) {","  let columns = arguments.length > 1 && arguments[1] !== undefined ? arguments[1] : {};","  let columnDefault = arguments.length > 2 && arguments[2] !== undefined ? arguments[2] : {};","","  _lodash2.default.times(columnCount, index => {","    if (_lodash2.default.isUndefined(columns[index])) {","      columns[index] = {};","    }","","    columns[index] = _lodash2.default.assign({","      alignment: 'left',","      paddingLeft: 1,","      paddingRight: 1,","      truncate: Infinity,","      wrapWord: false","    }, columnDefault, columns[index]);","  });","","  return columns;","};","","/**"," * @typedef {Object} columnConfig"," * @property {string} alignment"," * @property {number} width"," * @property {number} truncate"," * @property {number} paddingLeft"," * @property {number} paddingRight"," */","","/**"," * @typedef {Object} streamConfig"," * @property {columnConfig} columnDefault"," * @property {Object} border"," * @property {columnConfig[]}"," * @property {number} columnCount Number of columns in the table (required)."," */","","/**"," * Makes a new configuration object out of the userConfig object"," * using default values for the missing configuration properties."," *"," * @param {streamConfig} userConfig"," * @returns {Object}"," */","","exports.default = function () {","  let userConfig = arguments.length > 0 && arguments[0] !== undefined ? arguments[0] : {};","","  (0, _validateConfig2.default)('streamConfig.json', userConfig);","","  const config = _lodash2.default.cloneDeep(userConfig);","","  if (!config.columnDefault || !config.columnDefault.width) {","    throw new Error('Must provide config.columnDefault.width when creating a stream.');","  }","","  if (!config.columnCount) {","    throw new Error('Must provide config.columnCount.');","  }","","  config.border = makeBorder(config.border);","  config.columns = makeColumns(config.columnCount, config.columns, config.columnDefault);","","  return config;","};"],"l":{"3":1,"7":1,"9":1,"11":1,"13":1,"15":1,"17":1,"19":3,"27":1,"28":0,"30":0,"42":1,"43":0,"44":0,"46":0,"47":0,"48":0,"51":0,"60":0,"88":1,"89":0,"91":0,"93":0,"95":0,"96":0,"99":0,"100":0,"103":0,"104":0,"106":0}}}